2025-08-13T13:31:04.233+09:00  INFO 13340 --- [MySpringBoot3Project] [restartedMain] c.r.m.MySpringBoot3ProjectApplication    : Starting MySpringBoot3ProjectApplication using Java 17.0.2 with PID 13340 (C:\mybackend\SpringBoot\MySpringBoot3Project\target\classes started by user in C:\mybackend\SpringBoot\MySpringBoot3Project)
2025-08-13T13:31:04.238+09:00  INFO 13340 --- [MySpringBoot3Project] [restartedMain] c.r.m.MySpringBoot3ProjectApplication    : The following 1 profile is active: "test"
2025-08-13T13:31:04.297+09:00  INFO 13340 --- [MySpringBoot3Project] [restartedMain] .e.DevToolsPropertyDefaultsPostProcessor : Devtools property defaults active! Set 'spring.devtools.add-properties' to 'false' to disable
2025-08-13T13:31:04.298+09:00  INFO 13340 --- [MySpringBoot3Project] [restartedMain] .e.DevToolsPropertyDefaultsPostProcessor : For additional web related logging consider setting the 'logging.level.web' property to 'DEBUG'
2025-08-13T13:31:05.444+09:00  INFO 13340 --- [MySpringBoot3Project] [restartedMain] .s.d.r.c.RepositoryConfigurationDelegate : Bootstrapping Spring Data JPA repositories in DEFAULT mode.
2025-08-13T13:31:05.463+09:00  INFO 13340 --- [MySpringBoot3Project] [restartedMain] .s.d.r.c.RepositoryConfigurationDelegate : Finished Spring Data repository scanning in 9 ms. Found 0 JPA repository interfaces.
2025-08-13T13:31:06.115+09:00  INFO 13340 --- [MySpringBoot3Project] [restartedMain] o.s.b.w.embedded.tomcat.TomcatWebServer  : Tomcat initialized with port 8080 (http)
2025-08-13T13:31:06.134+09:00  INFO 13340 --- [MySpringBoot3Project] [restartedMain] o.apache.catalina.core.StandardService   : Starting service [Tomcat]
2025-08-13T13:31:06.134+09:00  INFO 13340 --- [MySpringBoot3Project] [restartedMain] o.apache.catalina.core.StandardEngine    : Starting Servlet engine: [Apache Tomcat/10.1.43]
2025-08-13T13:31:06.179+09:00  INFO 13340 --- [MySpringBoot3Project] [restartedMain] o.a.c.c.C.[Tomcat].[localhost].[/]       : Initializing Spring embedded WebApplicationContext
2025-08-13T13:31:06.180+09:00  INFO 13340 --- [MySpringBoot3Project] [restartedMain] w.s.c.ServletWebServerApplicationContext : Root WebApplicationContext: initialization completed in 1880 ms
2025-08-13T13:31:06.495+09:00  INFO 13340 --- [MySpringBoot3Project] [restartedMain] com.zaxxer.hikari.HikariDataSource       : HikariPool-1 - Starting...
2025-08-13T13:31:06.696+09:00  INFO 13340 --- [MySpringBoot3Project] [restartedMain] com.zaxxer.hikari.pool.HikariPool        : HikariPool-1 - Added connection conn0: url=jdbc:h2:mem:770f9bf3-14ca-40a8-b880-9a6db9617548 user=SA
2025-08-13T13:31:06.698+09:00  INFO 13340 --- [MySpringBoot3Project] [restartedMain] com.zaxxer.hikari.HikariDataSource       : HikariPool-1 - Start completed.
2025-08-13T13:31:06.756+09:00  INFO 13340 --- [MySpringBoot3Project] [restartedMain] o.hibernate.jpa.internal.util.LogHelper  : HHH000204: Processing PersistenceUnitInfo [name: default]
2025-08-13T13:31:06.823+09:00  INFO 13340 --- [MySpringBoot3Project] [restartedMain] org.hibernate.Version                    : HHH000412: Hibernate ORM core version 6.6.22.Final
2025-08-13T13:31:06.867+09:00  INFO 13340 --- [MySpringBoot3Project] [restartedMain] o.h.c.internal.RegionFactoryInitiator    : HHH000026: Second-level cache disabled
2025-08-13T13:31:07.224+09:00  INFO 13340 --- [MySpringBoot3Project] [restartedMain] o.s.o.j.p.SpringPersistenceUnitInfo      : No LoadTimeWeaver setup: ignoring JPA class transformer
2025-08-13T13:31:07.304+09:00  INFO 13340 --- [MySpringBoot3Project] [restartedMain] org.hibernate.orm.connections.pooling    : HHH10001005: Database info:
	Database JDBC URL [Connecting through datasource 'HikariDataSource (HikariPool-1)']
	Database driver: undefined/unknown
	Database version: 2.3.232
	Autocommit mode: undefined/unknown
	Isolation level: undefined/unknown
	Minimum pool size: undefined/unknown
	Maximum pool size: undefined/unknown
2025-08-13T13:31:07.551+09:00  INFO 13340 --- [MySpringBoot3Project] [restartedMain] o.h.e.t.j.p.i.JtaPlatformInitiator       : HHH000489: No JTA platform available (set 'hibernate.transaction.jta.platform' to enable JTA platform integration)
2025-08-13T13:31:07.555+09:00  INFO 13340 --- [MySpringBoot3Project] [restartedMain] j.LocalContainerEntityManagerFactoryBean : Initialized JPA EntityManagerFactory for persistence unit 'default'
2025-08-13T13:31:07.644+09:00  WARN 13340 --- [MySpringBoot3Project] [restartedMain] JpaBaseConfiguration$JpaWebConfiguration : spring.jpa.open-in-view is enabled by default. Therefore, database queries may be performed during view rendering. Explicitly configure spring.jpa.open-in-view to disable this warning
2025-08-13T13:31:07.985+09:00  WARN 13340 --- [MySpringBoot3Project] [restartedMain] ion$DefaultTemplateResolverConfiguration : Cannot find template location: classpath:/templates/ (please add some templates, check your Thymeleaf configuration, or set spring.thymeleaf.check-template-location=false)
2025-08-13T13:31:08.274+09:00  INFO 13340 --- [MySpringBoot3Project] [restartedMain] o.s.b.a.h2.H2ConsoleAutoConfiguration    : H2 console available at '/h2-console'. Database available at 'jdbc:h2:mem:770f9bf3-14ca-40a8-b880-9a6db9617548'
2025-08-13T13:31:08.312+09:00  INFO 13340 --- [MySpringBoot3Project] [restartedMain] o.s.b.d.a.OptionalLiveReloadServer       : LiveReload server is running on port 35729
2025-08-13T13:31:08.321+09:00  INFO 13340 --- [MySpringBoot3Project] [restartedMain] o.s.b.a.e.web.EndpointLinksResolver      : Exposing 1 endpoint beneath base path '/actuator'
2025-08-13T13:31:08.428+09:00  INFO 13340 --- [MySpringBoot3Project] [restartedMain] o.s.b.w.embedded.tomcat.TomcatWebServer  : Tomcat started on port 8080 (http) with context path '/'
2025-08-13T13:31:08.445+09:00  INFO 13340 --- [MySpringBoot3Project] [restartedMain] c.r.m.MySpringBoot3ProjectApplication    : Started MySpringBoot3ProjectApplication in 4.722 seconds (process running for 5.309)
2025-08-13T13:32:17.686+09:00  INFO 13340 --- [MySpringBoot3Project] [File Watcher] rtingClassPathChangeChangedEventListener : Restarting due to 1 class path change (0 additions, 0 deletions, 1 modification)
2025-08-13T13:32:17.691+09:00  INFO 13340 --- [MySpringBoot3Project] [Thread-5] o.s.b.w.e.tomcat.GracefulShutdown        : Commencing graceful shutdown. Waiting for active requests to complete
2025-08-13T13:32:17.865+09:00  INFO 13340 --- [MySpringBoot3Project] [tomcat-shutdown] o.s.b.w.e.tomcat.GracefulShutdown        : Graceful shutdown complete
2025-08-13T13:32:17.870+09:00  INFO 13340 --- [MySpringBoot3Project] [Thread-5] j.LocalContainerEntityManagerFactoryBean : Closing JPA EntityManagerFactory for persistence unit 'default'
2025-08-13T13:32:17.880+09:00  WARN 13340 --- [MySpringBoot3Project] [Thread-5] o.s.b.f.support.DisposableBeanAdapter    : Invocation of destroy method failed on bean with name 'inMemoryDatabaseShutdownExecutor': org.h2.jdbc.JdbcSQLNonTransientConnectionException: Database is already closed (to disable automatic closing at VM shutdown, add ";DB_CLOSE_ON_EXIT=FALSE" to the db URL) [90121-232]
2025-08-13T13:32:17.881+09:00  INFO 13340 --- [MySpringBoot3Project] [Thread-5] com.zaxxer.hikari.HikariDataSource       : HikariPool-1 - Shutdown initiated...
2025-08-13T13:32:17.883+09:00  INFO 13340 --- [MySpringBoot3Project] [Thread-5] com.zaxxer.hikari.HikariDataSource       : HikariPool-1 - Shutdown completed.
2025-08-13T13:32:18.002+09:00  INFO 13340 --- [MySpringBoot3Project] [restartedMain] c.r.m.MySpringBoot3ProjectApplication    : Starting MySpringBoot3ProjectApplication using Java 17.0.2 with PID 13340 (C:\mybackend\SpringBoot\MySpringBoot3Project\target\classes started by user in C:\mybackend\SpringBoot\MySpringBoot3Project)
2025-08-13T13:32:18.002+09:00  INFO 13340 --- [MySpringBoot3Project] [restartedMain] c.r.m.MySpringBoot3ProjectApplication    : The following 1 profile is active: "test"
2025-08-13T13:32:18.466+09:00  INFO 13340 --- [MySpringBoot3Project] [restartedMain] .s.d.r.c.RepositoryConfigurationDelegate : Bootstrapping Spring Data JPA repositories in DEFAULT mode.
2025-08-13T13:32:18.470+09:00  INFO 13340 --- [MySpringBoot3Project] [restartedMain] .s.d.r.c.RepositoryConfigurationDelegate : Finished Spring Data repository scanning in 2 ms. Found 0 JPA repository interfaces.
2025-08-13T13:32:18.598+09:00  INFO 13340 --- [MySpringBoot3Project] [restartedMain] o.s.b.w.embedded.tomcat.TomcatWebServer  : Tomcat initialized with port 8080 (http)
2025-08-13T13:32:18.598+09:00  INFO 13340 --- [MySpringBoot3Project] [restartedMain] o.apache.catalina.core.StandardService   : Starting service [Tomcat]
2025-08-13T13:32:18.598+09:00  INFO 13340 --- [MySpringBoot3Project] [restartedMain] o.apache.catalina.core.StandardEngine    : Starting Servlet engine: [Apache Tomcat/10.1.43]
2025-08-13T13:32:18.628+09:00  INFO 13340 --- [MySpringBoot3Project] [restartedMain] o.a.c.c.C.[Tomcat].[localhost].[/]       : Initializing Spring embedded WebApplicationContext
2025-08-13T13:32:18.629+09:00  INFO 13340 --- [MySpringBoot3Project] [restartedMain] w.s.c.ServletWebServerApplicationContext : Root WebApplicationContext: initialization completed in 623 ms
2025-08-13T13:32:18.709+09:00  INFO 13340 --- [MySpringBoot3Project] [restartedMain] com.zaxxer.hikari.HikariDataSource       : HikariPool-2 - Starting...
2025-08-13T13:32:18.712+09:00  INFO 13340 --- [MySpringBoot3Project] [restartedMain] com.zaxxer.hikari.pool.HikariPool        : HikariPool-2 - Added connection conn10: url=jdbc:h2:mem:4ed5935d-e612-4e93-a654-069612e4d62d user=SA
2025-08-13T13:32:18.712+09:00  INFO 13340 --- [MySpringBoot3Project] [restartedMain] com.zaxxer.hikari.HikariDataSource       : HikariPool-2 - Start completed.
2025-08-13T13:32:18.716+09:00  INFO 13340 --- [MySpringBoot3Project] [restartedMain] o.hibernate.jpa.internal.util.LogHelper  : HHH000204: Processing PersistenceUnitInfo [name: default]
2025-08-13T13:32:18.719+09:00  INFO 13340 --- [MySpringBoot3Project] [restartedMain] o.h.c.internal.RegionFactoryInitiator    : HHH000026: Second-level cache disabled
2025-08-13T13:32:18.737+09:00  INFO 13340 --- [MySpringBoot3Project] [restartedMain] o.s.o.j.p.SpringPersistenceUnitInfo      : No LoadTimeWeaver setup: ignoring JPA class transformer
2025-08-13T13:32:18.740+09:00  INFO 13340 --- [MySpringBoot3Project] [restartedMain] org.hibernate.orm.connections.pooling    : HHH10001005: Database info:
	Database JDBC URL [Connecting through datasource 'HikariDataSource (HikariPool-2)']
	Database driver: undefined/unknown
	Database version: 2.3.232
	Autocommit mode: undefined/unknown
	Isolation level: undefined/unknown
	Minimum pool size: undefined/unknown
	Maximum pool size: undefined/unknown
2025-08-13T13:32:18.780+09:00  INFO 13340 --- [MySpringBoot3Project] [restartedMain] o.h.e.t.j.p.i.JtaPlatformInitiator       : HHH000489: No JTA platform available (set 'hibernate.transaction.jta.platform' to enable JTA platform integration)
2025-08-13T13:32:18.781+09:00  INFO 13340 --- [MySpringBoot3Project] [restartedMain] j.LocalContainerEntityManagerFactoryBean : Initialized JPA EntityManagerFactory for persistence unit 'default'
2025-08-13T13:32:18.819+09:00  WARN 13340 --- [MySpringBoot3Project] [restartedMain] JpaBaseConfiguration$JpaWebConfiguration : spring.jpa.open-in-view is enabled by default. Therefore, database queries may be performed during view rendering. Explicitly configure spring.jpa.open-in-view to disable this warning
2025-08-13T13:32:18.901+09:00  WARN 13340 --- [MySpringBoot3Project] [restartedMain] ion$DefaultTemplateResolverConfiguration : Cannot find template location: classpath:/templates/ (please add some templates, check your Thymeleaf configuration, or set spring.thymeleaf.check-template-location=false)
2025-08-13T13:32:19.007+09:00  INFO 13340 --- [MySpringBoot3Project] [restartedMain] o.s.b.a.h2.H2ConsoleAutoConfiguration    : H2 console available at '/h2-console'. Database available at 'jdbc:h2:mem:4ed5935d-e612-4e93-a654-069612e4d62d'
2025-08-13T13:32:19.019+09:00  INFO 13340 --- [MySpringBoot3Project] [restartedMain] o.s.b.d.a.OptionalLiveReloadServer       : LiveReload server is running on port 35729
2025-08-13T13:32:19.024+09:00  INFO 13340 --- [MySpringBoot3Project] [restartedMain] o.s.b.a.e.web.EndpointLinksResolver      : Exposing 1 endpoint beneath base path '/actuator'
2025-08-13T13:32:19.047+09:00  INFO 13340 --- [MySpringBoot3Project] [restartedMain] o.s.b.w.embedded.tomcat.TomcatWebServer  : Tomcat started on port 8080 (http) with context path '/'
2025-08-13T13:32:19.057+09:00  INFO 13340 --- [MySpringBoot3Project] [restartedMain] c.r.m.MySpringBoot3ProjectApplication    : Started MySpringBoot3ProjectApplication in 1.105 seconds (process running for 75.92)
2025-08-13T13:32:19.065+09:00  INFO 13340 --- [MySpringBoot3Project] [restartedMain] .ConditionEvaluationDeltaLoggingListener : Condition evaluation unchanged
2025-08-13T13:34:57.437+09:00  INFO 13340 --- [MySpringBoot3Project] [File Watcher] rtingClassPathChangeChangedEventListener : Restarting due to 2 class path changes (0 additions, 0 deletions, 2 modifications)
2025-08-13T13:34:57.439+09:00  INFO 13340 --- [MySpringBoot3Project] [Thread-7] o.s.b.w.e.tomcat.GracefulShutdown        : Commencing graceful shutdown. Waiting for active requests to complete
2025-08-13T13:34:57.851+09:00  INFO 13340 --- [MySpringBoot3Project] [tomcat-shutdown] o.s.b.w.e.tomcat.GracefulShutdown        : Graceful shutdown complete
2025-08-13T13:34:57.856+09:00  INFO 13340 --- [MySpringBoot3Project] [Thread-7] j.LocalContainerEntityManagerFactoryBean : Closing JPA EntityManagerFactory for persistence unit 'default'
2025-08-13T13:34:57.859+09:00  WARN 13340 --- [MySpringBoot3Project] [Thread-7] o.s.b.f.support.DisposableBeanAdapter    : Invocation of destroy method failed on bean with name 'inMemoryDatabaseShutdownExecutor': org.h2.jdbc.JdbcSQLNonTransientConnectionException: Database is already closed (to disable automatic closing at VM shutdown, add ";DB_CLOSE_ON_EXIT=FALSE" to the db URL) [90121-232]
2025-08-13T13:34:57.861+09:00  INFO 13340 --- [MySpringBoot3Project] [Thread-7] com.zaxxer.hikari.HikariDataSource       : HikariPool-2 - Shutdown initiated...
2025-08-13T13:34:57.863+09:00  INFO 13340 --- [MySpringBoot3Project] [Thread-7] com.zaxxer.hikari.HikariDataSource       : HikariPool-2 - Shutdown completed.
2025-08-13T13:34:57.995+09:00  INFO 13340 --- [MySpringBoot3Project] [restartedMain] c.r.m.MySpringBoot3ProjectApplication    : Starting MySpringBoot3ProjectApplication using Java 17.0.2 with PID 13340 (C:\mybackend\SpringBoot\MySpringBoot3Project\target\classes started by user in C:\mybackend\SpringBoot\MySpringBoot3Project)
2025-08-13T13:34:57.996+09:00  INFO 13340 --- [MySpringBoot3Project] [restartedMain] c.r.m.MySpringBoot3ProjectApplication    : The following 1 profile is active: "test"
2025-08-13T13:34:58.464+09:00  INFO 13340 --- [MySpringBoot3Project] [restartedMain] .s.d.r.c.RepositoryConfigurationDelegate : Bootstrapping Spring Data JPA repositories in DEFAULT mode.
2025-08-13T13:34:58.470+09:00  INFO 13340 --- [MySpringBoot3Project] [restartedMain] .s.d.r.c.RepositoryConfigurationDelegate : Finished Spring Data repository scanning in 4 ms. Found 0 JPA repository interfaces.
2025-08-13T13:34:58.604+09:00  INFO 13340 --- [MySpringBoot3Project] [restartedMain] o.s.b.w.embedded.tomcat.TomcatWebServer  : Tomcat initialized with port 8080 (http)
2025-08-13T13:34:58.605+09:00  INFO 13340 --- [MySpringBoot3Project] [restartedMain] o.apache.catalina.core.StandardService   : Starting service [Tomcat]
2025-08-13T13:34:58.605+09:00  INFO 13340 --- [MySpringBoot3Project] [restartedMain] o.apache.catalina.core.StandardEngine    : Starting Servlet engine: [Apache Tomcat/10.1.43]
2025-08-13T13:34:58.632+09:00  INFO 13340 --- [MySpringBoot3Project] [restartedMain] o.a.c.c.C.[Tomcat].[localhost].[/]       : Initializing Spring embedded WebApplicationContext
2025-08-13T13:34:58.632+09:00  INFO 13340 --- [MySpringBoot3Project] [restartedMain] w.s.c.ServletWebServerApplicationContext : Root WebApplicationContext: initialization completed in 632 ms
2025-08-13T13:34:58.691+09:00  INFO 13340 --- [MySpringBoot3Project] [restartedMain] com.zaxxer.hikari.HikariDataSource       : HikariPool-3 - Starting...
2025-08-13T13:34:58.695+09:00  INFO 13340 --- [MySpringBoot3Project] [restartedMain] com.zaxxer.hikari.pool.HikariPool        : HikariPool-3 - Added connection conn20: url=jdbc:h2:mem:86ce18b3-4ceb-4eab-895d-88ba11c23efa user=SA
2025-08-13T13:34:58.696+09:00  INFO 13340 --- [MySpringBoot3Project] [restartedMain] com.zaxxer.hikari.HikariDataSource       : HikariPool-3 - Start completed.
2025-08-13T13:34:58.698+09:00  INFO 13340 --- [MySpringBoot3Project] [restartedMain] o.hibernate.jpa.internal.util.LogHelper  : HHH000204: Processing PersistenceUnitInfo [name: default]
2025-08-13T13:34:58.701+09:00  INFO 13340 --- [MySpringBoot3Project] [restartedMain] o.h.c.internal.RegionFactoryInitiator    : HHH000026: Second-level cache disabled
2025-08-13T13:34:58.714+09:00  INFO 13340 --- [MySpringBoot3Project] [restartedMain] o.s.o.j.p.SpringPersistenceUnitInfo      : No LoadTimeWeaver setup: ignoring JPA class transformer
2025-08-13T13:34:58.718+09:00  INFO 13340 --- [MySpringBoot3Project] [restartedMain] org.hibernate.orm.connections.pooling    : HHH10001005: Database info:
	Database JDBC URL [Connecting through datasource 'HikariDataSource (HikariPool-3)']
	Database driver: undefined/unknown
	Database version: 2.3.232
	Autocommit mode: undefined/unknown
	Isolation level: undefined/unknown
	Minimum pool size: undefined/unknown
	Maximum pool size: undefined/unknown
2025-08-13T13:34:58.750+09:00  INFO 13340 --- [MySpringBoot3Project] [restartedMain] o.h.e.t.j.p.i.JtaPlatformInitiator       : HHH000489: No JTA platform available (set 'hibernate.transaction.jta.platform' to enable JTA platform integration)
2025-08-13T13:34:58.751+09:00  INFO 13340 --- [MySpringBoot3Project] [restartedMain] j.LocalContainerEntityManagerFactoryBean : Initialized JPA EntityManagerFactory for persistence unit 'default'
2025-08-13T13:34:58.796+09:00  WARN 13340 --- [MySpringBoot3Project] [restartedMain] JpaBaseConfiguration$JpaWebConfiguration : spring.jpa.open-in-view is enabled by default. Therefore, database queries may be performed during view rendering. Explicitly configure spring.jpa.open-in-view to disable this warning
2025-08-13T13:34:58.896+09:00  WARN 13340 --- [MySpringBoot3Project] [restartedMain] ion$DefaultTemplateResolverConfiguration : Cannot find template location: classpath:/templates/ (please add some templates, check your Thymeleaf configuration, or set spring.thymeleaf.check-template-location=false)
2025-08-13T13:34:58.995+09:00  INFO 13340 --- [MySpringBoot3Project] [restartedMain] o.s.b.a.h2.H2ConsoleAutoConfiguration    : H2 console available at '/h2-console'. Database available at 'jdbc:h2:mem:86ce18b3-4ceb-4eab-895d-88ba11c23efa'
2025-08-13T13:34:59.004+09:00  INFO 13340 --- [MySpringBoot3Project] [restartedMain] o.s.b.d.a.OptionalLiveReloadServer       : LiveReload server is running on port 35729
2025-08-13T13:34:59.008+09:00  INFO 13340 --- [MySpringBoot3Project] [restartedMain] o.s.b.a.e.web.EndpointLinksResolver      : Exposing 1 endpoint beneath base path '/actuator'
2025-08-13T13:34:59.041+09:00  INFO 13340 --- [MySpringBoot3Project] [restartedMain] o.s.b.w.embedded.tomcat.TomcatWebServer  : Tomcat started on port 8080 (http) with context path '/'
2025-08-13T13:34:59.058+09:00  INFO 13340 --- [MySpringBoot3Project] [restartedMain] c.r.m.MySpringBoot3ProjectApplication    : Started MySpringBoot3ProjectApplication in 1.138 seconds (process running for 235.921)
2025-08-13T13:34:59.068+09:00  INFO 13340 --- [MySpringBoot3Project] [restartedMain] .ConditionEvaluationDeltaLoggingListener : Condition evaluation unchanged
2025-08-13T13:35:24.894+09:00  INFO 13340 --- [MySpringBoot3Project] [File Watcher] rtingClassPathChangeChangedEventListener : Restarting due to 1 class path change (0 additions, 0 deletions, 1 modification)
2025-08-13T13:35:24.897+09:00  INFO 13340 --- [MySpringBoot3Project] [Thread-12] o.s.b.w.e.tomcat.GracefulShutdown        : Commencing graceful shutdown. Waiting for active requests to complete
2025-08-13T13:35:25.365+09:00  INFO 13340 --- [MySpringBoot3Project] [tomcat-shutdown] o.s.b.w.e.tomcat.GracefulShutdown        : Graceful shutdown complete
2025-08-13T13:35:25.368+09:00  INFO 13340 --- [MySpringBoot3Project] [Thread-12] j.LocalContainerEntityManagerFactoryBean : Closing JPA EntityManagerFactory for persistence unit 'default'
2025-08-13T13:35:25.369+09:00  WARN 13340 --- [MySpringBoot3Project] [Thread-12] o.s.b.f.support.DisposableBeanAdapter    : Invocation of destroy method failed on bean with name 'inMemoryDatabaseShutdownExecutor': org.h2.jdbc.JdbcSQLNonTransientConnectionException: Database is already closed (to disable automatic closing at VM shutdown, add ";DB_CLOSE_ON_EXIT=FALSE" to the db URL) [90121-232]
2025-08-13T13:35:25.369+09:00  INFO 13340 --- [MySpringBoot3Project] [Thread-12] com.zaxxer.hikari.HikariDataSource       : HikariPool-3 - Shutdown initiated...
2025-08-13T13:35:25.371+09:00  INFO 13340 --- [MySpringBoot3Project] [Thread-12] com.zaxxer.hikari.HikariDataSource       : HikariPool-3 - Shutdown completed.
2025-08-13T13:35:25.478+09:00  INFO 13340 --- [MySpringBoot3Project] [restartedMain] c.r.m.MySpringBoot3ProjectApplication    : Starting MySpringBoot3ProjectApplication using Java 17.0.2 with PID 13340 (C:\mybackend\SpringBoot\MySpringBoot3Project\target\classes started by user in C:\mybackend\SpringBoot\MySpringBoot3Project)
2025-08-13T13:35:25.479+09:00 DEBUG 13340 --- [MySpringBoot3Project] [restartedMain] c.r.m.MySpringBoot3ProjectApplication    : Running with Spring Boot v3.4.8, Spring v6.2.8
2025-08-13T13:35:25.479+09:00  INFO 13340 --- [MySpringBoot3Project] [restartedMain] c.r.m.MySpringBoot3ProjectApplication    : The following 1 profile is active: "test"
2025-08-13T13:35:25.858+09:00  INFO 13340 --- [MySpringBoot3Project] [restartedMain] .s.d.r.c.RepositoryConfigurationDelegate : Bootstrapping Spring Data JPA repositories in DEFAULT mode.
2025-08-13T13:35:25.863+09:00  INFO 13340 --- [MySpringBoot3Project] [restartedMain] .s.d.r.c.RepositoryConfigurationDelegate : Finished Spring Data repository scanning in 3 ms. Found 0 JPA repository interfaces.
2025-08-13T13:35:25.984+09:00  INFO 13340 --- [MySpringBoot3Project] [restartedMain] o.s.b.w.embedded.tomcat.TomcatWebServer  : Tomcat initialized with port 8080 (http)
2025-08-13T13:35:25.985+09:00  INFO 13340 --- [MySpringBoot3Project] [restartedMain] o.apache.catalina.core.StandardService   : Starting service [Tomcat]
2025-08-13T13:35:25.985+09:00  INFO 13340 --- [MySpringBoot3Project] [restartedMain] o.apache.catalina.core.StandardEngine    : Starting Servlet engine: [Apache Tomcat/10.1.43]
2025-08-13T13:35:26.012+09:00  INFO 13340 --- [MySpringBoot3Project] [restartedMain] o.a.c.c.C.[Tomcat].[localhost].[/]       : Initializing Spring embedded WebApplicationContext
2025-08-13T13:35:26.015+09:00  INFO 13340 --- [MySpringBoot3Project] [restartedMain] w.s.c.ServletWebServerApplicationContext : Root WebApplicationContext: initialization completed in 534 ms
2025-08-13T13:35:26.072+09:00  INFO 13340 --- [MySpringBoot3Project] [restartedMain] com.zaxxer.hikari.HikariDataSource       : HikariPool-4 - Starting...
2025-08-13T13:35:26.075+09:00  INFO 13340 --- [MySpringBoot3Project] [restartedMain] com.zaxxer.hikari.pool.HikariPool        : HikariPool-4 - Added connection conn30: url=jdbc:h2:mem:a9d810ea-408b-4b29-b7ba-94d516d92882 user=SA
2025-08-13T13:35:26.075+09:00  INFO 13340 --- [MySpringBoot3Project] [restartedMain] com.zaxxer.hikari.HikariDataSource       : HikariPool-4 - Start completed.
2025-08-13T13:35:26.078+09:00  INFO 13340 --- [MySpringBoot3Project] [restartedMain] o.hibernate.jpa.internal.util.LogHelper  : HHH000204: Processing PersistenceUnitInfo [name: default]
2025-08-13T13:35:26.080+09:00  INFO 13340 --- [MySpringBoot3Project] [restartedMain] o.h.c.internal.RegionFactoryInitiator    : HHH000026: Second-level cache disabled
2025-08-13T13:35:26.092+09:00  INFO 13340 --- [MySpringBoot3Project] [restartedMain] o.s.o.j.p.SpringPersistenceUnitInfo      : No LoadTimeWeaver setup: ignoring JPA class transformer
2025-08-13T13:35:26.096+09:00  INFO 13340 --- [MySpringBoot3Project] [restartedMain] org.hibernate.orm.connections.pooling    : HHH10001005: Database info:
	Database JDBC URL [Connecting through datasource 'HikariDataSource (HikariPool-4)']
	Database driver: undefined/unknown
	Database version: 2.3.232
	Autocommit mode: undefined/unknown
	Isolation level: undefined/unknown
	Minimum pool size: undefined/unknown
	Maximum pool size: undefined/unknown
2025-08-13T13:35:26.140+09:00  INFO 13340 --- [MySpringBoot3Project] [restartedMain] o.h.e.t.j.p.i.JtaPlatformInitiator       : HHH000489: No JTA platform available (set 'hibernate.transaction.jta.platform' to enable JTA platform integration)
2025-08-13T13:35:26.141+09:00  INFO 13340 --- [MySpringBoot3Project] [restartedMain] j.LocalContainerEntityManagerFactoryBean : Initialized JPA EntityManagerFactory for persistence unit 'default'
2025-08-13T13:35:26.176+09:00  WARN 13340 --- [MySpringBoot3Project] [restartedMain] JpaBaseConfiguration$JpaWebConfiguration : spring.jpa.open-in-view is enabled by default. Therefore, database queries may be performed during view rendering. Explicitly configure spring.jpa.open-in-view to disable this warning
2025-08-13T13:35:26.255+09:00  WARN 13340 --- [MySpringBoot3Project] [restartedMain] ion$DefaultTemplateResolverConfiguration : Cannot find template location: classpath:/templates/ (please add some templates, check your Thymeleaf configuration, or set spring.thymeleaf.check-template-location=false)
2025-08-13T13:35:26.353+09:00  INFO 13340 --- [MySpringBoot3Project] [restartedMain] o.s.b.a.h2.H2ConsoleAutoConfiguration    : H2 console available at '/h2-console'. Database available at 'jdbc:h2:mem:a9d810ea-408b-4b29-b7ba-94d516d92882'
2025-08-13T13:35:26.362+09:00  INFO 13340 --- [MySpringBoot3Project] [restartedMain] o.s.b.d.a.OptionalLiveReloadServer       : LiveReload server is running on port 35729
2025-08-13T13:35:26.367+09:00  INFO 13340 --- [MySpringBoot3Project] [restartedMain] o.s.b.a.e.web.EndpointLinksResolver      : Exposing 1 endpoint beneath base path '/actuator'
2025-08-13T13:35:26.396+09:00  INFO 13340 --- [MySpringBoot3Project] [restartedMain] o.s.b.w.embedded.tomcat.TomcatWebServer  : Tomcat started on port 8080 (http) with context path '/'
2025-08-13T13:35:26.405+09:00  INFO 13340 --- [MySpringBoot3Project] [restartedMain] c.r.m.MySpringBoot3ProjectApplication    : Started MySpringBoot3ProjectApplication in 0.98 seconds (process running for 263.269)
2025-08-13T13:35:26.415+09:00  INFO 13340 --- [MySpringBoot3Project] [restartedMain] .ConditionEvaluationDeltaLoggingListener : Condition evaluation unchanged
2025-08-13T13:35:38.039+09:00  INFO 13340 --- [MySpringBoot3Project] [File Watcher] rtingClassPathChangeChangedEventListener : Restarting due to 1 class path change (0 additions, 0 deletions, 1 modification)
2025-08-13T13:35:38.043+09:00  INFO 13340 --- [MySpringBoot3Project] [Thread-16] o.s.b.w.e.tomcat.GracefulShutdown        : Commencing graceful shutdown. Waiting for active requests to complete
2025-08-13T13:35:38.544+09:00  INFO 13340 --- [MySpringBoot3Project] [tomcat-shutdown] o.s.b.w.e.tomcat.GracefulShutdown        : Graceful shutdown complete
2025-08-13T13:35:38.546+09:00  INFO 13340 --- [MySpringBoot3Project] [Thread-16] j.LocalContainerEntityManagerFactoryBean : Closing JPA EntityManagerFactory for persistence unit 'default'
2025-08-13T13:35:38.549+09:00  WARN 13340 --- [MySpringBoot3Project] [Thread-16] o.s.b.f.support.DisposableBeanAdapter    : Invocation of destroy method failed on bean with name 'inMemoryDatabaseShutdownExecutor': org.h2.jdbc.JdbcSQLNonTransientConnectionException: Database is already closed (to disable automatic closing at VM shutdown, add ";DB_CLOSE_ON_EXIT=FALSE" to the db URL) [90121-232]
2025-08-13T13:35:38.550+09:00  INFO 13340 --- [MySpringBoot3Project] [Thread-16] com.zaxxer.hikari.HikariDataSource       : HikariPool-4 - Shutdown initiated...
2025-08-13T13:35:38.550+09:00  INFO 13340 --- [MySpringBoot3Project] [Thread-16] com.zaxxer.hikari.HikariDataSource       : HikariPool-4 - Shutdown completed.
2025-08-13T13:35:38.656+09:00  INFO 13340 --- [MySpringBoot3Project] [restartedMain] c.r.m.MySpringBoot3ProjectApplication    : Starting MySpringBoot3ProjectApplication using Java 17.0.2 with PID 13340 (C:\mybackend\SpringBoot\MySpringBoot3Project\target\classes started by user in C:\mybackend\SpringBoot\MySpringBoot3Project)
2025-08-13T13:35:38.656+09:00 DEBUG 13340 --- [MySpringBoot3Project] [restartedMain] c.r.m.MySpringBoot3ProjectApplication    : Running with Spring Boot v3.4.8, Spring v6.2.8
2025-08-13T13:35:38.657+09:00  INFO 13340 --- [MySpringBoot3Project] [restartedMain] c.r.m.MySpringBoot3ProjectApplication    : The following 1 profile is active: "test"
2025-08-13T13:35:39.156+09:00  INFO 13340 --- [MySpringBoot3Project] [restartedMain] .s.d.r.c.RepositoryConfigurationDelegate : Bootstrapping Spring Data JPA repositories in DEFAULT mode.
2025-08-13T13:35:39.165+09:00  INFO 13340 --- [MySpringBoot3Project] [restartedMain] .s.d.r.c.RepositoryConfigurationDelegate : Finished Spring Data repository scanning in 7 ms. Found 0 JPA repository interfaces.
2025-08-13T13:35:39.316+09:00  INFO 13340 --- [MySpringBoot3Project] [restartedMain] o.s.b.w.embedded.tomcat.TomcatWebServer  : Tomcat initialized with port 8080 (http)
2025-08-13T13:35:39.319+09:00  INFO 13340 --- [MySpringBoot3Project] [restartedMain] o.apache.catalina.core.StandardService   : Starting service [Tomcat]
2025-08-13T13:35:39.319+09:00  INFO 13340 --- [MySpringBoot3Project] [restartedMain] o.apache.catalina.core.StandardEngine    : Starting Servlet engine: [Apache Tomcat/10.1.43]
2025-08-13T13:35:39.356+09:00  INFO 13340 --- [MySpringBoot3Project] [restartedMain] o.a.c.c.C.[Tomcat].[localhost].[/]       : Initializing Spring embedded WebApplicationContext
2025-08-13T13:35:39.358+09:00  INFO 13340 --- [MySpringBoot3Project] [restartedMain] w.s.c.ServletWebServerApplicationContext : Root WebApplicationContext: initialization completed in 698 ms
2025-08-13T13:35:39.458+09:00  INFO 13340 --- [MySpringBoot3Project] [restartedMain] com.zaxxer.hikari.HikariDataSource       : HikariPool-5 - Starting...
2025-08-13T13:35:39.466+09:00  INFO 13340 --- [MySpringBoot3Project] [restartedMain] com.zaxxer.hikari.pool.HikariPool        : HikariPool-5 - Added connection conn40: url=jdbc:h2:mem:ccbc5ff1-145a-48ed-8d2b-1733ac466968 user=SA
2025-08-13T13:35:39.468+09:00  INFO 13340 --- [MySpringBoot3Project] [restartedMain] com.zaxxer.hikari.HikariDataSource       : HikariPool-5 - Start completed.
2025-08-13T13:35:39.470+09:00  INFO 13340 --- [MySpringBoot3Project] [restartedMain] o.hibernate.jpa.internal.util.LogHelper  : HHH000204: Processing PersistenceUnitInfo [name: default]
2025-08-13T13:35:39.476+09:00  INFO 13340 --- [MySpringBoot3Project] [restartedMain] o.h.c.internal.RegionFactoryInitiator    : HHH000026: Second-level cache disabled
2025-08-13T13:35:39.495+09:00  INFO 13340 --- [MySpringBoot3Project] [restartedMain] o.s.o.j.p.SpringPersistenceUnitInfo      : No LoadTimeWeaver setup: ignoring JPA class transformer
2025-08-13T13:35:39.498+09:00  INFO 13340 --- [MySpringBoot3Project] [restartedMain] org.hibernate.orm.connections.pooling    : HHH10001005: Database info:
	Database JDBC URL [Connecting through datasource 'HikariDataSource (HikariPool-5)']
	Database driver: undefined/unknown
	Database version: 2.3.232
	Autocommit mode: undefined/unknown
	Isolation level: undefined/unknown
	Minimum pool size: undefined/unknown
	Maximum pool size: undefined/unknown
2025-08-13T13:35:39.538+09:00  INFO 13340 --- [MySpringBoot3Project] [restartedMain] o.h.e.t.j.p.i.JtaPlatformInitiator       : HHH000489: No JTA platform available (set 'hibernate.transaction.jta.platform' to enable JTA platform integration)
2025-08-13T13:35:39.539+09:00  INFO 13340 --- [MySpringBoot3Project] [restartedMain] j.LocalContainerEntityManagerFactoryBean : Initialized JPA EntityManagerFactory for persistence unit 'default'
2025-08-13T13:35:39.583+09:00  WARN 13340 --- [MySpringBoot3Project] [restartedMain] JpaBaseConfiguration$JpaWebConfiguration : spring.jpa.open-in-view is enabled by default. Therefore, database queries may be performed during view rendering. Explicitly configure spring.jpa.open-in-view to disable this warning
2025-08-13T13:35:39.679+09:00  WARN 13340 --- [MySpringBoot3Project] [restartedMain] ion$DefaultTemplateResolverConfiguration : Cannot find template location: classpath:/templates/ (please add some templates, check your Thymeleaf configuration, or set spring.thymeleaf.check-template-location=false)
2025-08-13T13:35:39.784+09:00  INFO 13340 --- [MySpringBoot3Project] [restartedMain] o.s.b.a.h2.H2ConsoleAutoConfiguration    : H2 console available at '/h2-console'. Database available at 'jdbc:h2:mem:ccbc5ff1-145a-48ed-8d2b-1733ac466968'
2025-08-13T13:35:39.792+09:00  INFO 13340 --- [MySpringBoot3Project] [restartedMain] o.s.b.d.a.OptionalLiveReloadServer       : LiveReload server is running on port 35729
2025-08-13T13:35:39.796+09:00  INFO 13340 --- [MySpringBoot3Project] [restartedMain] o.s.b.a.e.web.EndpointLinksResolver      : Exposing 1 endpoint beneath base path '/actuator'
2025-08-13T13:35:39.817+09:00  INFO 13340 --- [MySpringBoot3Project] [restartedMain] o.s.b.w.embedded.tomcat.TomcatWebServer  : Tomcat started on port 8080 (http) with context path '/'
2025-08-13T13:35:39.826+09:00  INFO 13340 --- [MySpringBoot3Project] [restartedMain] c.r.m.MySpringBoot3ProjectApplication    : Started MySpringBoot3ProjectApplication in 1.226 seconds (process running for 276.69)
2025-08-13T13:35:39.836+09:00  INFO 13340 --- [MySpringBoot3Project] [restartedMain] .ConditionEvaluationDeltaLoggingListener : Condition evaluation unchanged
2025-08-13T13:41:41.298+09:00  INFO 13340 --- [MySpringBoot3Project] [File Watcher] rtingClassPathChangeChangedEventListener : Restarting due to 2 class path changes (0 additions, 2 deletions, 0 modifications)
2025-08-13T13:41:41.300+09:00  INFO 13340 --- [MySpringBoot3Project] [Thread-20] o.s.b.w.e.tomcat.GracefulShutdown        : Commencing graceful shutdown. Waiting for active requests to complete
2025-08-13T13:41:41.572+09:00  INFO 13340 --- [MySpringBoot3Project] [tomcat-shutdown] o.s.b.w.e.tomcat.GracefulShutdown        : Graceful shutdown complete
2025-08-13T13:41:41.575+09:00  INFO 13340 --- [MySpringBoot3Project] [Thread-20] j.LocalContainerEntityManagerFactoryBean : Closing JPA EntityManagerFactory for persistence unit 'default'
2025-08-13T13:41:41.577+09:00  WARN 13340 --- [MySpringBoot3Project] [Thread-20] o.s.b.f.support.DisposableBeanAdapter    : Invocation of destroy method failed on bean with name 'inMemoryDatabaseShutdownExecutor': org.h2.jdbc.JdbcSQLNonTransientConnectionException: Database is already closed (to disable automatic closing at VM shutdown, add ";DB_CLOSE_ON_EXIT=FALSE" to the db URL) [90121-232]
2025-08-13T13:41:41.577+09:00  INFO 13340 --- [MySpringBoot3Project] [Thread-20] com.zaxxer.hikari.HikariDataSource       : HikariPool-5 - Shutdown initiated...
2025-08-13T13:41:41.579+09:00  INFO 13340 --- [MySpringBoot3Project] [Thread-20] com.zaxxer.hikari.HikariDataSource       : HikariPool-5 - Shutdown completed.
2025-08-13T13:41:41.686+09:00  INFO 13340 --- [MySpringBoot3Project] [restartedMain] c.r.m.MySpringBoot3ProjectApplication    : Starting MySpringBoot3ProjectApplication using Java 17.0.2 with PID 13340 (C:\mybackend\SpringBoot\MySpringBoot3Project\target\classes started by user in C:\mybackend\SpringBoot\MySpringBoot3Project)
2025-08-13T13:41:41.686+09:00 DEBUG 13340 --- [MySpringBoot3Project] [restartedMain] c.r.m.MySpringBoot3ProjectApplication    : Running with Spring Boot v3.4.8, Spring v6.2.8
2025-08-13T13:41:41.686+09:00  INFO 13340 --- [MySpringBoot3Project] [restartedMain] c.r.m.MySpringBoot3ProjectApplication    : The following 1 profile is active: "test"
2025-08-13T13:41:42.038+09:00  INFO 13340 --- [MySpringBoot3Project] [restartedMain] .s.d.r.c.RepositoryConfigurationDelegate : Bootstrapping Spring Data JPA repositories in DEFAULT mode.
2025-08-13T13:41:42.044+09:00  INFO 13340 --- [MySpringBoot3Project] [restartedMain] .s.d.r.c.RepositoryConfigurationDelegate : Finished Spring Data repository scanning in 3 ms. Found 0 JPA repository interfaces.
2025-08-13T13:41:42.146+09:00  INFO 13340 --- [MySpringBoot3Project] [restartedMain] o.s.b.w.embedded.tomcat.TomcatWebServer  : Tomcat initialized with port 8080 (http)
2025-08-13T13:41:42.147+09:00  INFO 13340 --- [MySpringBoot3Project] [restartedMain] o.apache.catalina.core.StandardService   : Starting service [Tomcat]
2025-08-13T13:41:42.147+09:00  INFO 13340 --- [MySpringBoot3Project] [restartedMain] o.apache.catalina.core.StandardEngine    : Starting Servlet engine: [Apache Tomcat/10.1.43]
2025-08-13T13:41:42.176+09:00  INFO 13340 --- [MySpringBoot3Project] [restartedMain] o.a.c.c.C.[Tomcat].[localhost].[/]       : Initializing Spring embedded WebApplicationContext
2025-08-13T13:41:42.176+09:00  INFO 13340 --- [MySpringBoot3Project] [restartedMain] w.s.c.ServletWebServerApplicationContext : Root WebApplicationContext: initialization completed in 488 ms
2025-08-13T13:41:42.222+09:00  INFO 13340 --- [MySpringBoot3Project] [restartedMain] com.zaxxer.hikari.HikariDataSource       : HikariPool-6 - Starting...
2025-08-13T13:41:42.224+09:00  INFO 13340 --- [MySpringBoot3Project] [restartedMain] com.zaxxer.hikari.pool.HikariPool        : HikariPool-6 - Added connection conn50: url=jdbc:h2:mem:a2f666e5-efae-46d0-8177-0862f1cf747d user=SA
2025-08-13T13:41:42.225+09:00  INFO 13340 --- [MySpringBoot3Project] [restartedMain] com.zaxxer.hikari.HikariDataSource       : HikariPool-6 - Start completed.
2025-08-13T13:41:42.226+09:00  INFO 13340 --- [MySpringBoot3Project] [restartedMain] o.hibernate.jpa.internal.util.LogHelper  : HHH000204: Processing PersistenceUnitInfo [name: default]
2025-08-13T13:41:42.231+09:00  INFO 13340 --- [MySpringBoot3Project] [restartedMain] o.h.c.internal.RegionFactoryInitiator    : HHH000026: Second-level cache disabled
2025-08-13T13:41:42.242+09:00  INFO 13340 --- [MySpringBoot3Project] [restartedMain] o.s.o.j.p.SpringPersistenceUnitInfo      : No LoadTimeWeaver setup: ignoring JPA class transformer
2025-08-13T13:41:42.243+09:00  INFO 13340 --- [MySpringBoot3Project] [restartedMain] org.hibernate.orm.connections.pooling    : HHH10001005: Database info:
	Database JDBC URL [Connecting through datasource 'HikariDataSource (HikariPool-6)']
	Database driver: undefined/unknown
	Database version: 2.3.232
	Autocommit mode: undefined/unknown
	Isolation level: undefined/unknown
	Minimum pool size: undefined/unknown
	Maximum pool size: undefined/unknown
2025-08-13T13:41:42.271+09:00  INFO 13340 --- [MySpringBoot3Project] [restartedMain] o.h.e.t.j.p.i.JtaPlatformInitiator       : HHH000489: No JTA platform available (set 'hibernate.transaction.jta.platform' to enable JTA platform integration)
2025-08-13T13:41:42.272+09:00  INFO 13340 --- [MySpringBoot3Project] [restartedMain] j.LocalContainerEntityManagerFactoryBean : Initialized JPA EntityManagerFactory for persistence unit 'default'
2025-08-13T13:41:42.298+09:00  WARN 13340 --- [MySpringBoot3Project] [restartedMain] JpaBaseConfiguration$JpaWebConfiguration : spring.jpa.open-in-view is enabled by default. Therefore, database queries may be performed during view rendering. Explicitly configure spring.jpa.open-in-view to disable this warning
2025-08-13T13:41:42.360+09:00  WARN 13340 --- [MySpringBoot3Project] [restartedMain] ion$DefaultTemplateResolverConfiguration : Cannot find template location: classpath:/templates/ (please add some templates, check your Thymeleaf configuration, or set spring.thymeleaf.check-template-location=false)
2025-08-13T13:41:42.438+09:00  INFO 13340 --- [MySpringBoot3Project] [restartedMain] o.s.b.a.h2.H2ConsoleAutoConfiguration    : H2 console available at '/h2-console'. Database available at 'jdbc:h2:mem:a2f666e5-efae-46d0-8177-0862f1cf747d'
2025-08-13T13:41:42.446+09:00  INFO 13340 --- [MySpringBoot3Project] [restartedMain] o.s.b.d.a.OptionalLiveReloadServer       : LiveReload server is running on port 35729
2025-08-13T13:41:42.448+09:00  INFO 13340 --- [MySpringBoot3Project] [restartedMain] o.s.b.a.e.web.EndpointLinksResolver      : Exposing 1 endpoint beneath base path '/actuator'
2025-08-13T13:41:42.468+09:00  INFO 13340 --- [MySpringBoot3Project] [restartedMain] o.s.b.w.embedded.tomcat.TomcatWebServer  : Tomcat started on port 8080 (http) with context path '/'
2025-08-13T13:41:42.476+09:00  INFO 13340 --- [MySpringBoot3Project] [restartedMain] c.r.m.MySpringBoot3ProjectApplication    : Started MySpringBoot3ProjectApplication in 0.828 seconds (process running for 639.339)
2025-08-13T13:41:42.483+09:00  INFO 13340 --- [MySpringBoot3Project] [restartedMain] .ConditionEvaluationDeltaLoggingListener : Condition evaluation unchanged
2025-08-13T13:41:43.873+09:00  INFO 13340 --- [MySpringBoot3Project] [File Watcher] rtingClassPathChangeChangedEventListener : Restarting due to 2 class path changes (2 additions, 0 deletions, 0 modifications)
2025-08-13T13:41:43.877+09:00  INFO 13340 --- [MySpringBoot3Project] [Thread-24] o.s.b.w.e.tomcat.GracefulShutdown        : Commencing graceful shutdown. Waiting for active requests to complete
2025-08-13T13:41:44.316+09:00  INFO 13340 --- [MySpringBoot3Project] [tomcat-shutdown] o.s.b.w.e.tomcat.GracefulShutdown        : Graceful shutdown complete
2025-08-13T13:41:44.321+09:00  INFO 13340 --- [MySpringBoot3Project] [Thread-24] j.LocalContainerEntityManagerFactoryBean : Closing JPA EntityManagerFactory for persistence unit 'default'
2025-08-13T13:41:44.324+09:00  WARN 13340 --- [MySpringBoot3Project] [Thread-24] o.s.b.f.support.DisposableBeanAdapter    : Invocation of destroy method failed on bean with name 'inMemoryDatabaseShutdownExecutor': org.h2.jdbc.JdbcSQLNonTransientConnectionException: Database is already closed (to disable automatic closing at VM shutdown, add ";DB_CLOSE_ON_EXIT=FALSE" to the db URL) [90121-232]
2025-08-13T13:41:44.325+09:00  INFO 13340 --- [MySpringBoot3Project] [Thread-24] com.zaxxer.hikari.HikariDataSource       : HikariPool-6 - Shutdown initiated...
2025-08-13T13:41:44.327+09:00  INFO 13340 --- [MySpringBoot3Project] [Thread-24] com.zaxxer.hikari.HikariDataSource       : HikariPool-6 - Shutdown completed.
2025-08-13T13:41:44.447+09:00  INFO 13340 --- [MySpringBoot3Project] [restartedMain] c.r.m.MySpringBoot3ProjectApplication    : Starting MySpringBoot3ProjectApplication using Java 17.0.2 with PID 13340 (C:\mybackend\SpringBoot\MySpringBoot3Project\target\classes started by user in C:\mybackend\SpringBoot\MySpringBoot3Project)
2025-08-13T13:41:44.447+09:00 DEBUG 13340 --- [MySpringBoot3Project] [restartedMain] c.r.m.MySpringBoot3ProjectApplication    : Running with Spring Boot v3.4.8, Spring v6.2.8
2025-08-13T13:41:44.447+09:00  INFO 13340 --- [MySpringBoot3Project] [restartedMain] c.r.m.MySpringBoot3ProjectApplication    : The following 1 profile is active: "test"
2025-08-13T13:41:44.961+09:00  INFO 13340 --- [MySpringBoot3Project] [restartedMain] .s.d.r.c.RepositoryConfigurationDelegate : Bootstrapping Spring Data JPA repositories in DEFAULT mode.
2025-08-13T13:41:44.971+09:00  INFO 13340 --- [MySpringBoot3Project] [restartedMain] .s.d.r.c.RepositoryConfigurationDelegate : Finished Spring Data repository scanning in 6 ms. Found 0 JPA repository interfaces.
2025-08-13T13:41:45.119+09:00  INFO 13340 --- [MySpringBoot3Project] [restartedMain] o.s.b.w.embedded.tomcat.TomcatWebServer  : Tomcat initialized with port 8080 (http)
2025-08-13T13:41:45.121+09:00  INFO 13340 --- [MySpringBoot3Project] [restartedMain] o.apache.catalina.core.StandardService   : Starting service [Tomcat]
2025-08-13T13:41:45.121+09:00  INFO 13340 --- [MySpringBoot3Project] [restartedMain] o.apache.catalina.core.StandardEngine    : Starting Servlet engine: [Apache Tomcat/10.1.43]
2025-08-13T13:41:45.160+09:00  INFO 13340 --- [MySpringBoot3Project] [restartedMain] o.a.c.c.C.[Tomcat].[localhost].[/]       : Initializing Spring embedded WebApplicationContext
2025-08-13T13:41:45.162+09:00  INFO 13340 --- [MySpringBoot3Project] [restartedMain] w.s.c.ServletWebServerApplicationContext : Root WebApplicationContext: initialization completed in 710 ms
2025-08-13T13:41:45.244+09:00  INFO 13340 --- [MySpringBoot3Project] [restartedMain] com.zaxxer.hikari.HikariDataSource       : HikariPool-7 - Starting...
2025-08-13T13:41:45.250+09:00  INFO 13340 --- [MySpringBoot3Project] [restartedMain] com.zaxxer.hikari.pool.HikariPool        : HikariPool-7 - Added connection conn60: url=jdbc:h2:mem:0d0a86de-1d49-4c95-b223-bc5973afda38 user=SA
2025-08-13T13:41:45.250+09:00  INFO 13340 --- [MySpringBoot3Project] [restartedMain] com.zaxxer.hikari.HikariDataSource       : HikariPool-7 - Start completed.
2025-08-13T13:41:45.253+09:00  INFO 13340 --- [MySpringBoot3Project] [restartedMain] o.hibernate.jpa.internal.util.LogHelper  : HHH000204: Processing PersistenceUnitInfo [name: default]
2025-08-13T13:41:45.259+09:00  INFO 13340 --- [MySpringBoot3Project] [restartedMain] o.h.c.internal.RegionFactoryInitiator    : HHH000026: Second-level cache disabled
2025-08-13T13:41:45.276+09:00  INFO 13340 --- [MySpringBoot3Project] [restartedMain] o.s.o.j.p.SpringPersistenceUnitInfo      : No LoadTimeWeaver setup: ignoring JPA class transformer
2025-08-13T13:41:45.279+09:00  INFO 13340 --- [MySpringBoot3Project] [restartedMain] org.hibernate.orm.connections.pooling    : HHH10001005: Database info:
	Database JDBC URL [Connecting through datasource 'HikariDataSource (HikariPool-7)']
	Database driver: undefined/unknown
	Database version: 2.3.232
	Autocommit mode: undefined/unknown
	Isolation level: undefined/unknown
	Minimum pool size: undefined/unknown
	Maximum pool size: undefined/unknown
2025-08-13T13:41:45.322+09:00  INFO 13340 --- [MySpringBoot3Project] [restartedMain] o.h.e.t.j.p.i.JtaPlatformInitiator       : HHH000489: No JTA platform available (set 'hibernate.transaction.jta.platform' to enable JTA platform integration)
2025-08-13T13:41:45.322+09:00  INFO 13340 --- [MySpringBoot3Project] [restartedMain] j.LocalContainerEntityManagerFactoryBean : Initialized JPA EntityManagerFactory for persistence unit 'default'
2025-08-13T13:41:45.367+09:00  WARN 13340 --- [MySpringBoot3Project] [restartedMain] JpaBaseConfiguration$JpaWebConfiguration : spring.jpa.open-in-view is enabled by default. Therefore, database queries may be performed during view rendering. Explicitly configure spring.jpa.open-in-view to disable this warning
2025-08-13T13:41:45.445+09:00  WARN 13340 --- [MySpringBoot3Project] [restartedMain] ion$DefaultTemplateResolverConfiguration : Cannot find template location: classpath:/templates/ (please add some templates, check your Thymeleaf configuration, or set spring.thymeleaf.check-template-location=false)
2025-08-13T13:41:45.590+09:00  INFO 13340 --- [MySpringBoot3Project] [restartedMain] o.s.b.a.h2.H2ConsoleAutoConfiguration    : H2 console available at '/h2-console'. Database available at 'jdbc:h2:mem:0d0a86de-1d49-4c95-b223-bc5973afda38'
2025-08-13T13:41:45.602+09:00  INFO 13340 --- [MySpringBoot3Project] [restartedMain] o.s.b.d.a.OptionalLiveReloadServer       : LiveReload server is running on port 35729
2025-08-13T13:41:45.607+09:00  INFO 13340 --- [MySpringBoot3Project] [restartedMain] o.s.b.a.e.web.EndpointLinksResolver      : Exposing 1 endpoint beneath base path '/actuator'
2025-08-13T13:41:45.638+09:00  INFO 13340 --- [MySpringBoot3Project] [restartedMain] o.s.b.w.embedded.tomcat.TomcatWebServer  : Tomcat started on port 8080 (http) with context path '/'
2025-08-13T13:41:45.648+09:00  INFO 13340 --- [MySpringBoot3Project] [restartedMain] c.r.m.MySpringBoot3ProjectApplication    : Started MySpringBoot3ProjectApplication in 1.259 seconds (process running for 642.512)
2025-08-13T13:41:45.658+09:00  INFO 13340 --- [MySpringBoot3Project] [restartedMain] .ConditionEvaluationDeltaLoggingListener : Condition evaluation unchanged
2025-08-13T13:42:57.521+09:00  INFO 13340 --- [MySpringBoot3Project] [File Watcher] rtingClassPathChangeChangedEventListener : Restarting due to 2 class path changes (0 additions, 2 deletions, 0 modifications)
2025-08-13T13:42:57.524+09:00  INFO 13340 --- [MySpringBoot3Project] [Thread-28] o.s.b.w.e.tomcat.GracefulShutdown        : Commencing graceful shutdown. Waiting for active requests to complete
2025-08-13T13:42:57.796+09:00  INFO 13340 --- [MySpringBoot3Project] [tomcat-shutdown] o.s.b.w.e.tomcat.GracefulShutdown        : Graceful shutdown complete
2025-08-13T13:42:57.799+09:00  INFO 13340 --- [MySpringBoot3Project] [Thread-28] j.LocalContainerEntityManagerFactoryBean : Closing JPA EntityManagerFactory for persistence unit 'default'
2025-08-13T13:42:57.800+09:00  WARN 13340 --- [MySpringBoot3Project] [Thread-28] o.s.b.f.support.DisposableBeanAdapter    : Invocation of destroy method failed on bean with name 'inMemoryDatabaseShutdownExecutor': org.h2.jdbc.JdbcSQLNonTransientConnectionException: Database is already closed (to disable automatic closing at VM shutdown, add ";DB_CLOSE_ON_EXIT=FALSE" to the db URL) [90121-232]
2025-08-13T13:42:57.801+09:00  INFO 13340 --- [MySpringBoot3Project] [Thread-28] com.zaxxer.hikari.HikariDataSource       : HikariPool-7 - Shutdown initiated...
2025-08-13T13:42:57.801+09:00  INFO 13340 --- [MySpringBoot3Project] [Thread-28] com.zaxxer.hikari.HikariDataSource       : HikariPool-7 - Shutdown completed.
2025-08-13T13:42:57.888+09:00  INFO 13340 --- [MySpringBoot3Project] [restartedMain] c.r.m.MySpringBoot3ProjectApplication    : Starting MySpringBoot3ProjectApplication using Java 17.0.2 with PID 13340 (C:\mybackend\SpringBoot\MySpringBoot3Project\target\classes started by user in C:\mybackend\SpringBoot\MySpringBoot3Project)
2025-08-13T13:42:57.888+09:00 DEBUG 13340 --- [MySpringBoot3Project] [restartedMain] c.r.m.MySpringBoot3ProjectApplication    : Running with Spring Boot v3.4.8, Spring v6.2.8
2025-08-13T13:42:57.889+09:00  INFO 13340 --- [MySpringBoot3Project] [restartedMain] c.r.m.MySpringBoot3ProjectApplication    : The following 1 profile is active: "test"
2025-08-13T13:42:58.269+09:00  INFO 13340 --- [MySpringBoot3Project] [restartedMain] .s.d.r.c.RepositoryConfigurationDelegate : Bootstrapping Spring Data JPA repositories in DEFAULT mode.
2025-08-13T13:42:58.275+09:00  INFO 13340 --- [MySpringBoot3Project] [restartedMain] .s.d.r.c.RepositoryConfigurationDelegate : Finished Spring Data repository scanning in 4 ms. Found 0 JPA repository interfaces.
2025-08-13T13:42:58.416+09:00  INFO 13340 --- [MySpringBoot3Project] [restartedMain] o.s.b.w.embedded.tomcat.TomcatWebServer  : Tomcat initialized with port 8080 (http)
2025-08-13T13:42:58.417+09:00  INFO 13340 --- [MySpringBoot3Project] [restartedMain] o.apache.catalina.core.StandardService   : Starting service [Tomcat]
2025-08-13T13:42:58.417+09:00  INFO 13340 --- [MySpringBoot3Project] [restartedMain] o.apache.catalina.core.StandardEngine    : Starting Servlet engine: [Apache Tomcat/10.1.43]
2025-08-13T13:42:58.457+09:00  INFO 13340 --- [MySpringBoot3Project] [restartedMain] o.a.c.c.C.[Tomcat].[localhost].[/]       : Initializing Spring embedded WebApplicationContext
2025-08-13T13:42:58.460+09:00  INFO 13340 --- [MySpringBoot3Project] [restartedMain] w.s.c.ServletWebServerApplicationContext : Root WebApplicationContext: initialization completed in 569 ms
2025-08-13T13:42:58.552+09:00  INFO 13340 --- [MySpringBoot3Project] [restartedMain] com.zaxxer.hikari.HikariDataSource       : HikariPool-8 - Starting...
2025-08-13T13:42:58.557+09:00  INFO 13340 --- [MySpringBoot3Project] [restartedMain] com.zaxxer.hikari.pool.HikariPool        : HikariPool-8 - Added connection conn70: url=jdbc:h2:mem:d5ec38eb-4de5-4fe7-acb7-5bc69d0d5671 user=SA
2025-08-13T13:42:58.557+09:00  INFO 13340 --- [MySpringBoot3Project] [restartedMain] com.zaxxer.hikari.HikariDataSource       : HikariPool-8 - Start completed.
2025-08-13T13:42:58.564+09:00  INFO 13340 --- [MySpringBoot3Project] [restartedMain] o.hibernate.jpa.internal.util.LogHelper  : HHH000204: Processing PersistenceUnitInfo [name: default]
2025-08-13T13:42:58.569+09:00  INFO 13340 --- [MySpringBoot3Project] [restartedMain] o.h.c.internal.RegionFactoryInitiator    : HHH000026: Second-level cache disabled
2025-08-13T13:42:58.579+09:00  INFO 13340 --- [MySpringBoot3Project] [restartedMain] o.s.o.j.p.SpringPersistenceUnitInfo      : No LoadTimeWeaver setup: ignoring JPA class transformer
2025-08-13T13:42:58.582+09:00  INFO 13340 --- [MySpringBoot3Project] [restartedMain] org.hibernate.orm.connections.pooling    : HHH10001005: Database info:
	Database JDBC URL [Connecting through datasource 'HikariDataSource (HikariPool-8)']
	Database driver: undefined/unknown
	Database version: 2.3.232
	Autocommit mode: undefined/unknown
	Isolation level: undefined/unknown
	Minimum pool size: undefined/unknown
	Maximum pool size: undefined/unknown
2025-08-13T13:42:58.617+09:00  INFO 13340 --- [MySpringBoot3Project] [restartedMain] o.h.e.t.j.p.i.JtaPlatformInitiator       : HHH000489: No JTA platform available (set 'hibernate.transaction.jta.platform' to enable JTA platform integration)
2025-08-13T13:42:58.617+09:00  INFO 13340 --- [MySpringBoot3Project] [restartedMain] j.LocalContainerEntityManagerFactoryBean : Initialized JPA EntityManagerFactory for persistence unit 'default'
2025-08-13T13:42:58.642+09:00  WARN 13340 --- [MySpringBoot3Project] [restartedMain] JpaBaseConfiguration$JpaWebConfiguration : spring.jpa.open-in-view is enabled by default. Therefore, database queries may be performed during view rendering. Explicitly configure spring.jpa.open-in-view to disable this warning
2025-08-13T13:42:58.725+09:00  WARN 13340 --- [MySpringBoot3Project] [restartedMain] ion$DefaultTemplateResolverConfiguration : Cannot find template location: classpath:/templates/ (please add some templates, check your Thymeleaf configuration, or set spring.thymeleaf.check-template-location=false)
2025-08-13T13:42:58.799+09:00  INFO 13340 --- [MySpringBoot3Project] [restartedMain] o.s.b.a.h2.H2ConsoleAutoConfiguration    : H2 console available at '/h2-console'. Database available at 'jdbc:h2:mem:d5ec38eb-4de5-4fe7-acb7-5bc69d0d5671'
2025-08-13T13:42:58.807+09:00  INFO 13340 --- [MySpringBoot3Project] [restartedMain] o.s.b.d.a.OptionalLiveReloadServer       : LiveReload server is running on port 35729
2025-08-13T13:42:58.811+09:00  INFO 13340 --- [MySpringBoot3Project] [restartedMain] o.s.b.a.e.web.EndpointLinksResolver      : Exposing 1 endpoint beneath base path '/actuator'
2025-08-13T13:42:58.827+09:00  INFO 13340 --- [MySpringBoot3Project] [restartedMain] o.s.b.w.embedded.tomcat.TomcatWebServer  : Tomcat started on port 8080 (http) with context path '/'
2025-08-13T13:42:58.834+09:00  INFO 13340 --- [MySpringBoot3Project] [restartedMain] c.r.m.MySpringBoot3ProjectApplication    : Started MySpringBoot3ProjectApplication in 0.981 seconds (process running for 715.697)
2025-08-13T13:42:58.835+09:00 DEBUG 13340 --- [MySpringBoot3Project] [restartedMain] c.r.myspringboot.runner.MyPropsRunner    : Logger  = ch.qos.logback.classic.Logger
2025-08-13T13:42:58.839+09:00  INFO 13340 --- [MySpringBoot3Project] [restartedMain] .ConditionEvaluationDeltaLoggingListener : Condition evaluation unchanged
2025-08-13T13:42:59.252+09:00  INFO 10284 --- [MySpringBoot3Project] [restartedMain] c.r.m.MySpringBoot3ProjectApplication    : Starting MySpringBoot3ProjectApplication using Java 17.0.2 with PID 10284 (C:\mybackend\SpringBoot\MySpringBoot3Project\target\classes started by user in C:\mybackend\SpringBoot\MySpringBoot3Project)
2025-08-13T13:42:59.255+09:00 DEBUG 10284 --- [MySpringBoot3Project] [restartedMain] c.r.m.MySpringBoot3ProjectApplication    : Running with Spring Boot v3.4.8, Spring v6.2.8
2025-08-13T13:42:59.255+09:00  INFO 10284 --- [MySpringBoot3Project] [restartedMain] c.r.m.MySpringBoot3ProjectApplication    : The following 1 profile is active: "test"
2025-08-13T13:42:59.321+09:00  INFO 10284 --- [MySpringBoot3Project] [restartedMain] .e.DevToolsPropertyDefaultsPostProcessor : Devtools property defaults active! Set 'spring.devtools.add-properties' to 'false' to disable
2025-08-13T13:42:59.321+09:00  INFO 10284 --- [MySpringBoot3Project] [restartedMain] .e.DevToolsPropertyDefaultsPostProcessor : For additional web related logging consider setting the 'logging.level.web' property to 'DEBUG'
2025-08-13T13:43:00.252+09:00  INFO 13340 --- [MySpringBoot3Project] [File Watcher] rtingClassPathChangeChangedEventListener : Restarting due to 2 class path changes (2 additions, 0 deletions, 0 modifications)
2025-08-13T13:43:00.257+09:00  INFO 13340 --- [MySpringBoot3Project] [Thread-32] o.s.b.w.e.tomcat.GracefulShutdown        : Commencing graceful shutdown. Waiting for active requests to complete
2025-08-13T13:43:00.542+09:00  INFO 13340 --- [MySpringBoot3Project] [tomcat-shutdown] o.s.b.w.e.tomcat.GracefulShutdown        : Graceful shutdown complete
2025-08-13T13:43:00.544+09:00  INFO 13340 --- [MySpringBoot3Project] [Thread-32] j.LocalContainerEntityManagerFactoryBean : Closing JPA EntityManagerFactory for persistence unit 'default'
2025-08-13T13:43:00.545+09:00  WARN 13340 --- [MySpringBoot3Project] [Thread-32] o.s.b.f.support.DisposableBeanAdapter    : Invocation of destroy method failed on bean with name 'inMemoryDatabaseShutdownExecutor': org.h2.jdbc.JdbcSQLNonTransientConnectionException: Database is already closed (to disable automatic closing at VM shutdown, add ";DB_CLOSE_ON_EXIT=FALSE" to the db URL) [90121-232]
2025-08-13T13:43:00.545+09:00  INFO 13340 --- [MySpringBoot3Project] [Thread-32] com.zaxxer.hikari.HikariDataSource       : HikariPool-8 - Shutdown initiated...
2025-08-13T13:43:00.547+09:00  INFO 13340 --- [MySpringBoot3Project] [Thread-32] com.zaxxer.hikari.HikariDataSource       : HikariPool-8 - Shutdown completed.
2025-08-13T13:43:00.646+09:00  INFO 13340 --- [MySpringBoot3Project] [restartedMain] c.r.m.MySpringBoot3ProjectApplication    : Starting MySpringBoot3ProjectApplication using Java 17.0.2 with PID 13340 (C:\mybackend\SpringBoot\MySpringBoot3Project\target\classes started by user in C:\mybackend\SpringBoot\MySpringBoot3Project)
2025-08-13T13:43:00.647+09:00 DEBUG 13340 --- [MySpringBoot3Project] [restartedMain] c.r.m.MySpringBoot3ProjectApplication    : Running with Spring Boot v3.4.8, Spring v6.2.8
2025-08-13T13:43:00.647+09:00  INFO 13340 --- [MySpringBoot3Project] [restartedMain] c.r.m.MySpringBoot3ProjectApplication    : The following 1 profile is active: "test"
2025-08-13T13:43:00.650+09:00  INFO 10284 --- [MySpringBoot3Project] [restartedMain] .s.d.r.c.RepositoryConfigurationDelegate : Bootstrapping Spring Data JPA repositories in DEFAULT mode.
2025-08-13T13:43:00.690+09:00  INFO 10284 --- [MySpringBoot3Project] [restartedMain] .s.d.r.c.RepositoryConfigurationDelegate : Finished Spring Data repository scanning in 23 ms. Found 0 JPA repository interfaces.
2025-08-13T13:43:00.993+09:00  INFO 13340 --- [MySpringBoot3Project] [restartedMain] .s.d.r.c.RepositoryConfigurationDelegate : Bootstrapping Spring Data JPA repositories in DEFAULT mode.
2025-08-13T13:43:00.999+09:00  INFO 13340 --- [MySpringBoot3Project] [restartedMain] .s.d.r.c.RepositoryConfigurationDelegate : Finished Spring Data repository scanning in 3 ms. Found 0 JPA repository interfaces.
2025-08-13T13:43:01.113+09:00  INFO 13340 --- [MySpringBoot3Project] [restartedMain] o.s.b.w.embedded.tomcat.TomcatWebServer  : Tomcat initialized with port 8080 (http)
2025-08-13T13:43:01.114+09:00  INFO 13340 --- [MySpringBoot3Project] [restartedMain] o.apache.catalina.core.StandardService   : Starting service [Tomcat]
2025-08-13T13:43:01.114+09:00  INFO 13340 --- [MySpringBoot3Project] [restartedMain] o.apache.catalina.core.StandardEngine    : Starting Servlet engine: [Apache Tomcat/10.1.43]
2025-08-13T13:43:01.135+09:00  INFO 13340 --- [MySpringBoot3Project] [restartedMain] o.a.c.c.C.[Tomcat].[localhost].[/]       : Initializing Spring embedded WebApplicationContext
2025-08-13T13:43:01.136+09:00  INFO 13340 --- [MySpringBoot3Project] [restartedMain] w.s.c.ServletWebServerApplicationContext : Root WebApplicationContext: initialization completed in 486 ms
2025-08-13T13:43:01.187+09:00  INFO 13340 --- [MySpringBoot3Project] [restartedMain] com.zaxxer.hikari.HikariDataSource       : HikariPool-9 - Starting...
2025-08-13T13:43:01.190+09:00  INFO 13340 --- [MySpringBoot3Project] [restartedMain] com.zaxxer.hikari.pool.HikariPool        : HikariPool-9 - Added connection conn80: url=jdbc:h2:mem:ed4f322a-e649-4a88-a026-d98a5e627576 user=SA
2025-08-13T13:43:01.191+09:00  INFO 13340 --- [MySpringBoot3Project] [restartedMain] com.zaxxer.hikari.HikariDataSource       : HikariPool-9 - Start completed.
2025-08-13T13:43:01.192+09:00  INFO 13340 --- [MySpringBoot3Project] [restartedMain] o.hibernate.jpa.internal.util.LogHelper  : HHH000204: Processing PersistenceUnitInfo [name: default]
2025-08-13T13:43:01.195+09:00  INFO 13340 --- [MySpringBoot3Project] [restartedMain] o.h.c.internal.RegionFactoryInitiator    : HHH000026: Second-level cache disabled
2025-08-13T13:43:01.205+09:00  INFO 13340 --- [MySpringBoot3Project] [restartedMain] o.s.o.j.p.SpringPersistenceUnitInfo      : No LoadTimeWeaver setup: ignoring JPA class transformer
2025-08-13T13:43:01.207+09:00  INFO 13340 --- [MySpringBoot3Project] [restartedMain] org.hibernate.orm.connections.pooling    : HHH10001005: Database info:
	Database JDBC URL [Connecting through datasource 'HikariDataSource (HikariPool-9)']
	Database driver: undefined/unknown
	Database version: 2.3.232
	Autocommit mode: undefined/unknown
	Isolation level: undefined/unknown
	Minimum pool size: undefined/unknown
	Maximum pool size: undefined/unknown
2025-08-13T13:43:01.233+09:00  INFO 13340 --- [MySpringBoot3Project] [restartedMain] o.h.e.t.j.p.i.JtaPlatformInitiator       : HHH000489: No JTA platform available (set 'hibernate.transaction.jta.platform' to enable JTA platform integration)
2025-08-13T13:43:01.233+09:00  INFO 13340 --- [MySpringBoot3Project] [restartedMain] j.LocalContainerEntityManagerFactoryBean : Initialized JPA EntityManagerFactory for persistence unit 'default'
2025-08-13T13:43:01.263+09:00  WARN 13340 --- [MySpringBoot3Project] [restartedMain] JpaBaseConfiguration$JpaWebConfiguration : spring.jpa.open-in-view is enabled by default. Therefore, database queries may be performed during view rendering. Explicitly configure spring.jpa.open-in-view to disable this warning
2025-08-13T13:43:01.317+09:00  WARN 13340 --- [MySpringBoot3Project] [restartedMain] ion$DefaultTemplateResolverConfiguration : Cannot find template location: classpath:/templates/ (please add some templates, check your Thymeleaf configuration, or set spring.thymeleaf.check-template-location=false)
2025-08-13T13:43:01.387+09:00  INFO 13340 --- [MySpringBoot3Project] [restartedMain] o.s.b.a.h2.H2ConsoleAutoConfiguration    : H2 console available at '/h2-console'. Database available at 'jdbc:h2:mem:ed4f322a-e649-4a88-a026-d98a5e627576'
2025-08-13T13:43:01.394+09:00  INFO 13340 --- [MySpringBoot3Project] [restartedMain] o.s.b.d.a.OptionalLiveReloadServer       : LiveReload server is running on port 35729
2025-08-13T13:43:01.396+09:00  INFO 13340 --- [MySpringBoot3Project] [restartedMain] o.s.b.a.e.web.EndpointLinksResolver      : Exposing 1 endpoint beneath base path '/actuator'
2025-08-13T13:43:01.414+09:00  INFO 13340 --- [MySpringBoot3Project] [restartedMain] o.s.b.w.embedded.tomcat.TomcatWebServer  : Tomcat started on port 8080 (http) with context path '/'
2025-08-13T13:43:01.420+09:00  INFO 13340 --- [MySpringBoot3Project] [restartedMain] c.r.m.MySpringBoot3ProjectApplication    : Started MySpringBoot3ProjectApplication in 0.816 seconds (process running for 718.284)
2025-08-13T13:43:01.421+09:00 DEBUG 13340 --- [MySpringBoot3Project] [restartedMain] c.r.myspringboot.runner.MyPropsRunner    : Logger  = ch.qos.logback.classic.Logger
2025-08-13T13:43:01.427+09:00  INFO 13340 --- [MySpringBoot3Project] [restartedMain] .ConditionEvaluationDeltaLoggingListener : Condition evaluation unchanged
2025-08-13T13:43:01.511+09:00  INFO 10284 --- [MySpringBoot3Project] [restartedMain] o.s.b.w.embedded.tomcat.TomcatWebServer  : Tomcat initialized with port 8080 (http)
2025-08-13T13:43:01.529+09:00  INFO 10284 --- [MySpringBoot3Project] [restartedMain] o.apache.catalina.core.StandardService   : Starting service [Tomcat]
2025-08-13T13:43:01.530+09:00  INFO 10284 --- [MySpringBoot3Project] [restartedMain] o.apache.catalina.core.StandardEngine    : Starting Servlet engine: [Apache Tomcat/10.1.43]
2025-08-13T13:43:01.584+09:00  INFO 10284 --- [MySpringBoot3Project] [restartedMain] o.a.c.c.C.[Tomcat].[localhost].[/]       : Initializing Spring embedded WebApplicationContext
2025-08-13T13:43:01.585+09:00  INFO 10284 --- [MySpringBoot3Project] [restartedMain] w.s.c.ServletWebServerApplicationContext : Root WebApplicationContext: initialization completed in 2261 ms
2025-08-13T13:43:01.889+09:00  INFO 10284 --- [MySpringBoot3Project] [restartedMain] com.zaxxer.hikari.HikariDataSource       : HikariPool-1 - Starting...
2025-08-13T13:43:02.104+09:00  INFO 10284 --- [MySpringBoot3Project] [restartedMain] com.zaxxer.hikari.pool.HikariPool        : HikariPool-1 - Added connection conn0: url=jdbc:h2:mem:5e1a11dd-b213-42e1-ba0d-3cabd69a7746 user=SA
2025-08-13T13:43:02.107+09:00  INFO 10284 --- [MySpringBoot3Project] [restartedMain] com.zaxxer.hikari.HikariDataSource       : HikariPool-1 - Start completed.
2025-08-13T13:43:02.160+09:00  INFO 10284 --- [MySpringBoot3Project] [restartedMain] o.hibernate.jpa.internal.util.LogHelper  : HHH000204: Processing PersistenceUnitInfo [name: default]
2025-08-13T13:43:02.227+09:00  INFO 10284 --- [MySpringBoot3Project] [restartedMain] org.hibernate.Version                    : HHH000412: Hibernate ORM core version 6.6.22.Final
2025-08-13T13:43:02.270+09:00  INFO 10284 --- [MySpringBoot3Project] [restartedMain] o.h.c.internal.RegionFactoryInitiator    : HHH000026: Second-level cache disabled
2025-08-13T13:43:02.578+09:00  INFO 10284 --- [MySpringBoot3Project] [restartedMain] o.s.o.j.p.SpringPersistenceUnitInfo      : No LoadTimeWeaver setup: ignoring JPA class transformer
2025-08-13T13:43:02.641+09:00  INFO 10284 --- [MySpringBoot3Project] [restartedMain] org.hibernate.orm.connections.pooling    : HHH10001005: Database info:
	Database JDBC URL [Connecting through datasource 'HikariDataSource (HikariPool-1)']
	Database driver: undefined/unknown
	Database version: 2.3.232
	Autocommit mode: undefined/unknown
	Isolation level: undefined/unknown
	Minimum pool size: undefined/unknown
	Maximum pool size: undefined/unknown
2025-08-13T13:43:02.891+09:00  INFO 10284 --- [MySpringBoot3Project] [restartedMain] o.h.e.t.j.p.i.JtaPlatformInitiator       : HHH000489: No JTA platform available (set 'hibernate.transaction.jta.platform' to enable JTA platform integration)
2025-08-13T13:43:02.894+09:00  INFO 10284 --- [MySpringBoot3Project] [restartedMain] j.LocalContainerEntityManagerFactoryBean : Initialized JPA EntityManagerFactory for persistence unit 'default'
2025-08-13T13:43:02.970+09:00  WARN 10284 --- [MySpringBoot3Project] [restartedMain] JpaBaseConfiguration$JpaWebConfiguration : spring.jpa.open-in-view is enabled by default. Therefore, database queries may be performed during view rendering. Explicitly configure spring.jpa.open-in-view to disable this warning
2025-08-13T13:43:03.297+09:00  WARN 10284 --- [MySpringBoot3Project] [restartedMain] ion$DefaultTemplateResolverConfiguration : Cannot find template location: classpath:/templates/ (please add some templates, check your Thymeleaf configuration, or set spring.thymeleaf.check-template-location=false)
2025-08-13T13:43:03.566+09:00  INFO 10284 --- [MySpringBoot3Project] [restartedMain] o.s.b.a.h2.H2ConsoleAutoConfiguration    : H2 console available at '/h2-console'. Database available at 'jdbc:h2:mem:5e1a11dd-b213-42e1-ba0d-3cabd69a7746'
2025-08-13T13:43:03.599+09:00  WARN 10284 --- [MySpringBoot3Project] [restartedMain] o.s.b.d.a.OptionalLiveReloadServer       : Unable to start LiveReload server
2025-08-13T13:43:03.610+09:00  INFO 10284 --- [MySpringBoot3Project] [restartedMain] o.s.b.a.e.web.EndpointLinksResolver      : Exposing 1 endpoint beneath base path '/actuator'
2025-08-13T13:43:03.692+09:00  WARN 10284 --- [MySpringBoot3Project] [restartedMain] ConfigServletWebServerApplicationContext : Exception encountered during context initialization - cancelling refresh attempt: org.springframework.context.ApplicationContextException: Failed to start bean 'webServerStartStop'
2025-08-13T13:43:03.696+09:00  INFO 10284 --- [MySpringBoot3Project] [restartedMain] j.LocalContainerEntityManagerFactoryBean : Closing JPA EntityManagerFactory for persistence unit 'default'
2025-08-13T13:43:03.702+09:00  WARN 10284 --- [MySpringBoot3Project] [restartedMain] o.s.b.f.support.DisposableBeanAdapter    : Invocation of destroy method failed on bean with name 'inMemoryDatabaseShutdownExecutor': org.h2.jdbc.JdbcSQLNonTransientConnectionException: Database is already closed (to disable automatic closing at VM shutdown, add ";DB_CLOSE_ON_EXIT=FALSE" to the db URL) [90121-232]
2025-08-13T13:43:03.703+09:00  INFO 10284 --- [MySpringBoot3Project] [restartedMain] com.zaxxer.hikari.HikariDataSource       : HikariPool-1 - Shutdown initiated...
2025-08-13T13:43:03.706+09:00  INFO 10284 --- [MySpringBoot3Project] [restartedMain] com.zaxxer.hikari.HikariDataSource       : HikariPool-1 - Shutdown completed.
2025-08-13T13:43:03.731+09:00  INFO 10284 --- [MySpringBoot3Project] [restartedMain] .s.b.a.l.ConditionEvaluationReportLogger : 

Error starting ApplicationContext. To display the condition evaluation report re-run your application with 'debug' enabled.
2025-08-13T13:43:03.765+09:00 ERROR 10284 --- [MySpringBoot3Project] [restartedMain] o.s.b.d.LoggingFailureAnalysisReporter   : 

***************************
APPLICATION FAILED TO START
***************************

Description:

Web server failed to start. Port 8080 was already in use.

Action:

Identify and stop the process that's listening on port 8080 or configure this application to listen on another port.

2025-08-13T13:43:44.758+09:00  INFO 18048 --- [MySpringBoot3Project] [restartedMain] c.r.m.MySpringBoot3ProjectApplication    : Starting MySpringBoot3ProjectApplication using Java 17.0.2 with PID 18048 (C:\mybackend\SpringBoot\MySpringBoot3Project\target\classes started by user in C:\mybackend\SpringBoot\MySpringBoot3Project)
2025-08-13T13:43:44.762+09:00 DEBUG 18048 --- [MySpringBoot3Project] [restartedMain] c.r.m.MySpringBoot3ProjectApplication    : Running with Spring Boot v3.4.8, Spring v6.2.8
2025-08-13T13:43:44.763+09:00  INFO 18048 --- [MySpringBoot3Project] [restartedMain] c.r.m.MySpringBoot3ProjectApplication    : The following 1 profile is active: "test"
2025-08-13T13:43:44.823+09:00  INFO 18048 --- [MySpringBoot3Project] [restartedMain] .e.DevToolsPropertyDefaultsPostProcessor : Devtools property defaults active! Set 'spring.devtools.add-properties' to 'false' to disable
2025-08-13T13:43:44.823+09:00  INFO 18048 --- [MySpringBoot3Project] [restartedMain] .e.DevToolsPropertyDefaultsPostProcessor : For additional web related logging consider setting the 'logging.level.web' property to 'DEBUG'
2025-08-13T13:43:45.834+09:00  INFO 18048 --- [MySpringBoot3Project] [restartedMain] .s.d.r.c.RepositoryConfigurationDelegate : Bootstrapping Spring Data JPA repositories in DEFAULT mode.
2025-08-13T13:43:45.865+09:00  INFO 18048 --- [MySpringBoot3Project] [restartedMain] .s.d.r.c.RepositoryConfigurationDelegate : Finished Spring Data repository scanning in 16 ms. Found 0 JPA repository interfaces.
2025-08-13T13:43:46.530+09:00  INFO 18048 --- [MySpringBoot3Project] [restartedMain] o.s.b.w.embedded.tomcat.TomcatWebServer  : Tomcat initialized with port 8080 (http)
2025-08-13T13:43:46.543+09:00  INFO 18048 --- [MySpringBoot3Project] [restartedMain] o.apache.catalina.core.StandardService   : Starting service [Tomcat]
2025-08-13T13:43:46.544+09:00  INFO 18048 --- [MySpringBoot3Project] [restartedMain] o.apache.catalina.core.StandardEngine    : Starting Servlet engine: [Apache Tomcat/10.1.43]
2025-08-13T13:43:46.599+09:00  INFO 18048 --- [MySpringBoot3Project] [restartedMain] o.a.c.c.C.[Tomcat].[localhost].[/]       : Initializing Spring embedded WebApplicationContext
2025-08-13T13:43:46.599+09:00  INFO 18048 --- [MySpringBoot3Project] [restartedMain] w.s.c.ServletWebServerApplicationContext : Root WebApplicationContext: initialization completed in 1775 ms
2025-08-13T13:43:46.881+09:00  INFO 18048 --- [MySpringBoot3Project] [restartedMain] com.zaxxer.hikari.HikariDataSource       : HikariPool-1 - Starting...
2025-08-13T13:43:47.102+09:00  INFO 18048 --- [MySpringBoot3Project] [restartedMain] com.zaxxer.hikari.pool.HikariPool        : HikariPool-1 - Added connection conn0: url=jdbc:h2:mem:0d0708cc-3bdd-4afe-9533-235ee16d8336 user=SA
2025-08-13T13:43:47.103+09:00  INFO 18048 --- [MySpringBoot3Project] [restartedMain] com.zaxxer.hikari.HikariDataSource       : HikariPool-1 - Start completed.
2025-08-13T13:43:47.152+09:00  INFO 18048 --- [MySpringBoot3Project] [restartedMain] o.hibernate.jpa.internal.util.LogHelper  : HHH000204: Processing PersistenceUnitInfo [name: default]
2025-08-13T13:43:47.218+09:00  INFO 18048 --- [MySpringBoot3Project] [restartedMain] org.hibernate.Version                    : HHH000412: Hibernate ORM core version 6.6.22.Final
2025-08-13T13:43:47.264+09:00  INFO 18048 --- [MySpringBoot3Project] [restartedMain] o.h.c.internal.RegionFactoryInitiator    : HHH000026: Second-level cache disabled
2025-08-13T13:43:47.549+09:00  INFO 18048 --- [MySpringBoot3Project] [restartedMain] o.s.o.j.p.SpringPersistenceUnitInfo      : No LoadTimeWeaver setup: ignoring JPA class transformer
2025-08-13T13:43:47.626+09:00  INFO 18048 --- [MySpringBoot3Project] [restartedMain] org.hibernate.orm.connections.pooling    : HHH10001005: Database info:
	Database JDBC URL [Connecting through datasource 'HikariDataSource (HikariPool-1)']
	Database driver: undefined/unknown
	Database version: 2.3.232
	Autocommit mode: undefined/unknown
	Isolation level: undefined/unknown
	Minimum pool size: undefined/unknown
	Maximum pool size: undefined/unknown
2025-08-13T13:43:47.865+09:00  INFO 18048 --- [MySpringBoot3Project] [restartedMain] o.h.e.t.j.p.i.JtaPlatformInitiator       : HHH000489: No JTA platform available (set 'hibernate.transaction.jta.platform' to enable JTA platform integration)
2025-08-13T13:43:47.872+09:00  INFO 18048 --- [MySpringBoot3Project] [restartedMain] j.LocalContainerEntityManagerFactoryBean : Initialized JPA EntityManagerFactory for persistence unit 'default'
2025-08-13T13:43:47.941+09:00  WARN 18048 --- [MySpringBoot3Project] [restartedMain] JpaBaseConfiguration$JpaWebConfiguration : spring.jpa.open-in-view is enabled by default. Therefore, database queries may be performed during view rendering. Explicitly configure spring.jpa.open-in-view to disable this warning
2025-08-13T13:43:48.259+09:00  WARN 18048 --- [MySpringBoot3Project] [restartedMain] ion$DefaultTemplateResolverConfiguration : Cannot find template location: classpath:/templates/ (please add some templates, check your Thymeleaf configuration, or set spring.thymeleaf.check-template-location=false)
2025-08-13T13:43:48.533+09:00  INFO 18048 --- [MySpringBoot3Project] [restartedMain] o.s.b.a.h2.H2ConsoleAutoConfiguration    : H2 console available at '/h2-console'. Database available at 'jdbc:h2:mem:0d0708cc-3bdd-4afe-9533-235ee16d8336'
2025-08-13T13:43:48.574+09:00  INFO 18048 --- [MySpringBoot3Project] [restartedMain] o.s.b.d.a.OptionalLiveReloadServer       : LiveReload server is running on port 35729
2025-08-13T13:43:48.580+09:00  INFO 18048 --- [MySpringBoot3Project] [restartedMain] o.s.b.a.e.web.EndpointLinksResolver      : Exposing 1 endpoint beneath base path '/actuator'
2025-08-13T13:43:48.687+09:00  INFO 18048 --- [MySpringBoot3Project] [restartedMain] o.s.b.w.embedded.tomcat.TomcatWebServer  : Tomcat started on port 8080 (http) with context path '/'
2025-08-13T13:43:48.705+09:00  INFO 18048 --- [MySpringBoot3Project] [restartedMain] c.r.m.MySpringBoot3ProjectApplication    : Started MySpringBoot3ProjectApplication in 4.432 seconds (process running for 4.818)
2025-08-13T13:43:48.755+09:00 DEBUG 18048 --- [MySpringBoot3Project] [restartedMain] c.r.myspringboot.runner.MyPropsRunner    : Logger  = ch.qos.logback.classic.Logger
2025-08-13T13:53:41.171+09:00  INFO 18048 --- [MySpringBoot3Project] [SpringApplicationShutdownHook] o.s.b.w.e.tomcat.GracefulShutdown        : Commencing graceful shutdown. Waiting for active requests to complete
2025-08-13T13:53:41.281+09:00  INFO 18048 --- [MySpringBoot3Project] [tomcat-shutdown] o.s.b.w.e.tomcat.GracefulShutdown        : Graceful shutdown complete
2025-08-13T13:53:41.284+09:00  INFO 18048 --- [MySpringBoot3Project] [SpringApplicationShutdownHook] j.LocalContainerEntityManagerFactoryBean : Closing JPA EntityManagerFactory for persistence unit 'default'
2025-08-13T13:53:41.290+09:00  WARN 18048 --- [MySpringBoot3Project] [SpringApplicationShutdownHook] o.s.b.f.support.DisposableBeanAdapter    : Invocation of destroy method failed on bean with name 'inMemoryDatabaseShutdownExecutor': org.h2.jdbc.JdbcSQLNonTransientConnectionException: Database is already closed (to disable automatic closing at VM shutdown, add ";DB_CLOSE_ON_EXIT=FALSE" to the db URL) [90121-232]
2025-08-13T13:53:41.291+09:00  INFO 18048 --- [MySpringBoot3Project] [SpringApplicationShutdownHook] com.zaxxer.hikari.HikariDataSource       : HikariPool-1 - Shutdown initiated...
2025-08-13T13:53:41.292+09:00  INFO 18048 --- [MySpringBoot3Project] [SpringApplicationShutdownHook] com.zaxxer.hikari.HikariDataSource       : HikariPool-1 - Shutdown completed.
2025-08-13T14:46:55.448+09:00  INFO 7504 --- [MySpringBoot3Project] [restartedMain] c.r.m.MySpringBoot3ProjectApplication    : Starting MySpringBoot3ProjectApplication using Java 17.0.2 with PID 7504 (C:\mybackend\SpringBoot\MySpringBoot3Project\target\classes started by user in C:\mybackend\SpringBoot\MySpringBoot3Project)
2025-08-13T14:46:55.452+09:00 DEBUG 7504 --- [MySpringBoot3Project] [restartedMain] c.r.m.MySpringBoot3ProjectApplication    : Running with Spring Boot v3.4.8, Spring v6.2.8
2025-08-13T14:46:55.453+09:00  INFO 7504 --- [MySpringBoot3Project] [restartedMain] c.r.m.MySpringBoot3ProjectApplication    : The following 1 profile is active: "test"
2025-08-13T14:46:55.508+09:00  INFO 7504 --- [MySpringBoot3Project] [restartedMain] .e.DevToolsPropertyDefaultsPostProcessor : Devtools property defaults active! Set 'spring.devtools.add-properties' to 'false' to disable
2025-08-13T14:46:55.510+09:00  INFO 7504 --- [MySpringBoot3Project] [restartedMain] .e.DevToolsPropertyDefaultsPostProcessor : For additional web related logging consider setting the 'logging.level.web' property to 'DEBUG'
2025-08-13T14:46:56.555+09:00  INFO 7504 --- [MySpringBoot3Project] [restartedMain] .s.d.r.c.RepositoryConfigurationDelegate : Bootstrapping Spring Data JPA repositories in DEFAULT mode.
2025-08-13T14:46:56.595+09:00  INFO 7504 --- [MySpringBoot3Project] [restartedMain] .s.d.r.c.RepositoryConfigurationDelegate : Finished Spring Data repository scanning in 25 ms. Found 0 JPA repository interfaces.
2025-08-13T14:46:57.349+09:00  INFO 7504 --- [MySpringBoot3Project] [restartedMain] o.s.b.w.embedded.tomcat.TomcatWebServer  : Tomcat initialized with port 8080 (http)
2025-08-13T14:46:57.361+09:00  INFO 7504 --- [MySpringBoot3Project] [restartedMain] o.apache.catalina.core.StandardService   : Starting service [Tomcat]
2025-08-13T14:46:57.361+09:00  INFO 7504 --- [MySpringBoot3Project] [restartedMain] o.apache.catalina.core.StandardEngine    : Starting Servlet engine: [Apache Tomcat/10.1.43]
2025-08-13T14:46:57.413+09:00  INFO 7504 --- [MySpringBoot3Project] [restartedMain] o.a.c.c.C.[Tomcat].[localhost].[/]       : Initializing Spring embedded WebApplicationContext
2025-08-13T14:46:57.414+09:00  INFO 7504 --- [MySpringBoot3Project] [restartedMain] w.s.c.ServletWebServerApplicationContext : Root WebApplicationContext: initialization completed in 1904 ms
2025-08-13T14:46:57.698+09:00  INFO 7504 --- [MySpringBoot3Project] [restartedMain] com.zaxxer.hikari.HikariDataSource       : HikariPool-1 - Starting...
2025-08-13T14:46:57.937+09:00  INFO 7504 --- [MySpringBoot3Project] [restartedMain] com.zaxxer.hikari.pool.HikariPool        : HikariPool-1 - Added connection conn0: url=jdbc:h2:mem:testdb user=SA
2025-08-13T14:46:57.939+09:00  INFO 7504 --- [MySpringBoot3Project] [restartedMain] com.zaxxer.hikari.HikariDataSource       : HikariPool-1 - Start completed.
2025-08-13T14:46:57.984+09:00  INFO 7504 --- [MySpringBoot3Project] [restartedMain] o.hibernate.jpa.internal.util.LogHelper  : HHH000204: Processing PersistenceUnitInfo [name: default]
2025-08-13T14:46:58.064+09:00  INFO 7504 --- [MySpringBoot3Project] [restartedMain] org.hibernate.Version                    : HHH000412: Hibernate ORM core version 6.6.22.Final
2025-08-13T14:46:58.106+09:00  INFO 7504 --- [MySpringBoot3Project] [restartedMain] o.h.c.internal.RegionFactoryInitiator    : HHH000026: Second-level cache disabled
2025-08-13T14:46:58.425+09:00  INFO 7504 --- [MySpringBoot3Project] [restartedMain] o.s.o.j.p.SpringPersistenceUnitInfo      : No LoadTimeWeaver setup: ignoring JPA class transformer
2025-08-13T14:46:58.499+09:00  INFO 7504 --- [MySpringBoot3Project] [restartedMain] org.hibernate.orm.connections.pooling    : HHH10001005: Database info:
	Database JDBC URL [Connecting through datasource 'HikariDataSource (HikariPool-1)']
	Database driver: undefined/unknown
	Database version: 2.3.232
	Autocommit mode: undefined/unknown
	Isolation level: undefined/unknown
	Minimum pool size: undefined/unknown
	Maximum pool size: undefined/unknown
2025-08-13T14:46:58.736+09:00  INFO 7504 --- [MySpringBoot3Project] [restartedMain] o.h.e.t.j.p.i.JtaPlatformInitiator       : HHH000489: No JTA platform available (set 'hibernate.transaction.jta.platform' to enable JTA platform integration)
2025-08-13T14:46:58.738+09:00  INFO 7504 --- [MySpringBoot3Project] [restartedMain] j.LocalContainerEntityManagerFactoryBean : Initialized JPA EntityManagerFactory for persistence unit 'default'
2025-08-13T14:46:58.824+09:00  WARN 7504 --- [MySpringBoot3Project] [restartedMain] JpaBaseConfiguration$JpaWebConfiguration : spring.jpa.open-in-view is enabled by default. Therefore, database queries may be performed during view rendering. Explicitly configure spring.jpa.open-in-view to disable this warning
2025-08-13T14:46:59.144+09:00  WARN 7504 --- [MySpringBoot3Project] [restartedMain] ion$DefaultTemplateResolverConfiguration : Cannot find template location: classpath:/templates/ (please add some templates, check your Thymeleaf configuration, or set spring.thymeleaf.check-template-location=false)
2025-08-13T14:46:59.419+09:00  INFO 7504 --- [MySpringBoot3Project] [restartedMain] o.s.b.a.h2.H2ConsoleAutoConfiguration    : H2 console available at '/h2-console'. Database available at 'jdbc:h2:mem:testdb'
2025-08-13T14:46:59.478+09:00  INFO 7504 --- [MySpringBoot3Project] [restartedMain] o.s.b.d.a.OptionalLiveReloadServer       : LiveReload server is running on port 35729
2025-08-13T14:46:59.484+09:00  INFO 7504 --- [MySpringBoot3Project] [restartedMain] o.s.b.a.e.web.EndpointLinksResolver      : Exposing 1 endpoint beneath base path '/actuator'
2025-08-13T14:46:59.602+09:00  INFO 7504 --- [MySpringBoot3Project] [restartedMain] o.s.b.w.embedded.tomcat.TomcatWebServer  : Tomcat started on port 8080 (http) with context path '/'
2025-08-13T14:46:59.618+09:00  INFO 7504 --- [MySpringBoot3Project] [restartedMain] c.r.m.MySpringBoot3ProjectApplication    : Started MySpringBoot3ProjectApplication in 4.632 seconds (process running for 5.036)
2025-08-13T14:46:59.688+09:00 DEBUG 7504 --- [MySpringBoot3Project] [restartedMain] c.r.myspringboot.runner.MyPropsRunner    : Logger  = ch.qos.logback.classic.Logger
2025-08-13T14:46:59.688+09:00  INFO 7504 --- [MySpringBoot3Project] [restartedMain] c.r.myspringboot.runner.MyPropsRunner    :   CustomerVO Bean = CustomVO(mode=, rate=0.5)
2025-08-13T14:46:59.690+09:00  INFO 7504 --- [MySpringBoot3Project] [restartedMain] c.r.myspringboot.runner.MyPropsRunner    : MyBootProperties.getName() = Spring TEST
2025-08-13T14:46:59.692+09:00  INFO 7504 --- [MySpringBoot3Project] [restartedMain] c.r.myspringboot.runner.MyPropsRunner    : MyBootProperties.getAge() = 73
2025-08-13T14:46:59.692+09:00  INFO 7504 --- [MySpringBoot3Project] [restartedMain] c.r.myspringboot.runner.MyPropsRunner    : MyBootProperties.getFullName() = Spring TEST Boot
2025-08-13T14:46:59.692+09:00  INFO 7504 --- [MySpringBoot3Project] [restartedMain] c.r.myspringboot.runner.MyPropsRunner    : Properties myboot.name = Spring TEST
2025-08-13T14:46:59.692+09:00  INFO 7504 --- [MySpringBoot3Project] [restartedMain] c.r.myspringboot.runner.MyPropsRunner    : Properties myboot.age = 4
2025-08-13T14:46:59.693+09:00  INFO 7504 --- [MySpringBoot3Project] [restartedMain] c.r.myspringboot.runner.MyPropsRunner    : Properties myboot.fullName = Spring TEST Boot
2025-08-13T14:46:59.693+09:00 DEBUG 7504 --- [MySpringBoot3Project] [restartedMain] c.r.myspringboot.runner.MyPropsRunner    : VM Arguments = false
2025-08-13T14:46:59.693+09:00 DEBUG 7504 --- [MySpringBoot3Project] [restartedMain] c.r.myspringboot.runner.MyPropsRunner    : Program Arguments = true
2025-08-13T14:46:59.694+09:00 DEBUG 7504 --- [MySpringBoot3Project] [restartedMain] c.r.myspringboot.runner.MyPropsRunner    : Inner Class   =  = bar
2025-08-13T14:46:59.695+09:00 DEBUG 7504 --- [MySpringBoot3Project] [restartedMain] c.r.myspringboot.runner.MyPropsRunner    : bar
2025-08-13T14:51:43.979+09:00  INFO 7504 --- [MySpringBoot3Project] [SpringApplicationShutdownHook] o.s.b.w.e.tomcat.GracefulShutdown        : Commencing graceful shutdown. Waiting for active requests to complete
2025-08-13T14:51:44.077+09:00  INFO 7504 --- [MySpringBoot3Project] [tomcat-shutdown] o.s.b.w.e.tomcat.GracefulShutdown        : Graceful shutdown complete
2025-08-13T14:51:44.081+09:00  INFO 7504 --- [MySpringBoot3Project] [SpringApplicationShutdownHook] j.LocalContainerEntityManagerFactoryBean : Closing JPA EntityManagerFactory for persistence unit 'default'
2025-08-13T14:51:44.087+09:00  WARN 7504 --- [MySpringBoot3Project] [SpringApplicationShutdownHook] o.s.b.f.support.DisposableBeanAdapter    : Invocation of destroy method failed on bean with name 'inMemoryDatabaseShutdownExecutor': org.h2.jdbc.JdbcSQLNonTransientConnectionException: Database is already closed (to disable automatic closing at VM shutdown, add ";DB_CLOSE_ON_EXIT=FALSE" to the db URL) [90121-232]
2025-08-13T14:51:44.087+09:00  INFO 7504 --- [MySpringBoot3Project] [SpringApplicationShutdownHook] com.zaxxer.hikari.HikariDataSource       : HikariPool-1 - Shutdown initiated...
2025-08-13T14:51:44.088+09:00  INFO 7504 --- [MySpringBoot3Project] [SpringApplicationShutdownHook] com.zaxxer.hikari.HikariDataSource       : HikariPool-1 - Shutdown completed.
